2026-01-06 12:48:42 INFO  [] [] org.springframework.test.context.support.AnnotationConfigContextLoaderUtils - Could not detect default configuration classes for test class [com.mtogo.delivery.controller.DeliveryControllerTest]: DeliveryControllerTest does not declare any static, non-private, non-final, nested classes annotated with @Configuration.
2026-01-06 12:48:43 INFO  [] [] org.springframework.boot.test.context.SpringBootTestContextBootstrapper - Found @SpringBootConfiguration com.mtogo.delivery.DeliveryServiceApplication for test class com.mtogo.delivery.controller.DeliveryControllerTest
2026-01-06 12:48:44 INFO  [] [] org.hibernate.validator.internal.util.Version - HV000001: Hibernate Validator 8.0.3.Final
2026-01-06 12:48:44 INFO  [] [] com.mtogo.delivery.controller.DeliveryControllerTest - Starting DeliveryControllerTest using Java 17.0.17 with PID 11532 (started by natas in C:\Eksamen_softwarekvalitet\SD-Exam-Project-Gateway\delivery-service)
2026-01-06 12:48:44 INFO  [] [] com.mtogo.delivery.controller.DeliveryControllerTest - No active profile set, falling back to 1 default profile: "default"
2026-01-06 12:48:46 WARN  [] [] org.springframework.boot.autoconfigure.security.servlet.UserDetailsServiceAutoConfiguration - 

Using generated security password: 5f5066dd-eef6-4a6e-aa60-3bd7a1768ffa

This generated password is for development use only. Your security configuration must be updated before running your application in production.

2026-01-06 12:48:46 INFO  [] [] org.springframework.security.config.annotation.authentication.configuration.InitializeUserDetailsBeanManagerConfigurer$InitializeUserDetailsManagerConfigurer - Global AuthenticationManager configured with UserDetailsService bean with name inMemoryUserDetailsManager
2026-01-06 12:48:46 INFO  [] [] org.springframework.boot.test.mock.web.SpringBootMockServletContext - Initializing Spring TestDispatcherServlet ''
2026-01-06 12:48:46 INFO  [] [] org.springframework.test.web.servlet.TestDispatcherServlet - Initializing Servlet ''
2026-01-06 12:48:46 INFO  [] [] org.springframework.test.web.servlet.TestDispatcherServlet - Completed initialization in 2 ms
2026-01-06 12:48:47 INFO  [] [] com.mtogo.delivery.controller.DeliveryControllerTest - Started DeliveryControllerTest in 3.495 seconds (process running for 9.12)
2026-01-06 12:48:47 INFO  [3ef38a49-25db-41ca-88c1-e4ba3e13eeed] [42] com.mtogo.delivery.infrastructure.api.DeliveryTaskController - Create delivery task completed in 0 ms
2026-01-06 12:48:47 INFO  [3ef38a49-25db-41ca-88c1-e4ba3e13eeed] [42] com.example.RequestLogger - Request handled method=POST path=/deliveries/{id}/assign status=201 elapsed_ms=17
2026-01-06 12:48:47 INFO  [2dce3606-ed5d-46b9-9492-c42ebae95e0e] [agent] com.mtogo.delivery.infrastructure.api.DeliveryTaskController - Delivered completed in 0 ms
2026-01-06 12:48:47 INFO  [2dce3606-ed5d-46b9-9492-c42ebae95e0e] [agent] com.example.RequestLogger - Request handled method=POST path=/deliveries/{id}/deliver status=200 elapsed_ms=1
2026-01-06 12:48:47 INFO  [98a1cc8d-91cb-429a-bd6c-a8ee5681c1e9] [1] com.mtogo.delivery.infrastructure.api.DeliveryTaskController - Create delivery task completed in 0 ms
2026-01-06 12:48:47 INFO  [98a1cc8d-91cb-429a-bd6c-a8ee5681c1e9] [1] com.example.RequestLogger - Request handled method=POST path=/deliveries status=201 elapsed_ms=2
2026-01-06 12:48:47 INFO  [c18513ef-e3d4-49db-a843-4db771f664de] [agent] com.mtogo.delivery.infrastructure.api.DeliveryTaskController - Mark delivery picked up completed in 6 ms
2026-01-06 12:48:47 INFO  [c18513ef-e3d4-49db-a843-4db771f664de] [agent] com.example.RequestLogger - Request handled method=POST path=/deliveries/{id}/pickup status=200 elapsed_ms=7
2026-01-06 12:48:47 INFO  [] [] org.springframework.test.context.support.AnnotationConfigContextLoaderUtils - Could not detect default configuration classes for test class [com.mtogo.delivery.DeliveryServiceApplicationTests]: DeliveryServiceApplicationTests does not declare any static, non-private, non-final, nested classes annotated with @Configuration.
2026-01-06 12:48:47 INFO  [] [] org.springframework.boot.test.context.SpringBootTestContextBootstrapper - Found @SpringBootConfiguration com.mtogo.delivery.DeliveryServiceApplication for test class com.mtogo.delivery.DeliveryServiceApplicationTests
2026-01-06 12:48:47 INFO  [] [] com.mtogo.delivery.DeliveryServiceApplicationTests - Starting DeliveryServiceApplicationTests using Java 17.0.17 with PID 11532 (started by natas in C:\Eksamen_softwarekvalitet\SD-Exam-Project-Gateway\delivery-service)
2026-01-06 12:48:47 INFO  [] [] com.mtogo.delivery.DeliveryServiceApplicationTests - The following 1 profile is active: "test"
2026-01-06 12:48:48 INFO  [] [] org.springframework.data.repository.config.RepositoryConfigurationDelegate - Bootstrapping Spring Data JPA repositories in DEFAULT mode.
2026-01-06 12:48:48 INFO  [] [] org.springframework.data.repository.config.RepositoryConfigurationDelegate - Finished Spring Data repository scanning in 82 ms. Found 1 JPA repository interface.
2026-01-06 12:48:49 INFO  [] [] org.hibernate.jpa.internal.util.LogHelper - HHH000204: Processing PersistenceUnitInfo [name: default]
2026-01-06 12:48:49 INFO  [] [] org.hibernate.Version - HHH000412: Hibernate ORM core version 6.6.36.Final
2026-01-06 12:48:49 INFO  [] [] org.hibernate.cache.internal.RegionFactoryInitiator - HHH000026: Second-level cache disabled
2026-01-06 12:48:49 INFO  [] [] org.springframework.orm.jpa.persistenceunit.SpringPersistenceUnitInfo - No LoadTimeWeaver setup: ignoring JPA class transformer
2026-01-06 12:48:49 INFO  [] [] com.zaxxer.hikari.HikariDataSource - HikariPool-1 - Starting...
2026-01-06 12:48:50 INFO  [] [] com.zaxxer.hikari.pool.HikariPool - HikariPool-1 - Added connection conn0: url=jdbc:h2:mem:testdb user=SA
2026-01-06 12:48:50 INFO  [] [] com.zaxxer.hikari.HikariDataSource - HikariPool-1 - Start completed.
2026-01-06 12:48:50 WARN  [] [] org.hibernate.orm.deprecation - HHH90000025: H2Dialect does not need to be specified explicitly using 'hibernate.dialect' (remove the property setting and it will be selected by default)
2026-01-06 12:48:50 INFO  [] [] org.hibernate.orm.connections.pooling - HHH10001005: Database info:
	Database JDBC URL [Connecting through datasource 'HikariDataSource (HikariPool-1)']
	Database driver: undefined/unknown
	Database version: 2.3.232
	Autocommit mode: undefined/unknown
	Isolation level: undefined/unknown
	Minimum pool size: undefined/unknown
	Maximum pool size: undefined/unknown
2026-01-06 12:48:51 INFO  [] [] org.hibernate.engine.transaction.jta.platform.internal.JtaPlatformInitiator - HHH000489: No JTA platform available (set 'hibernate.transaction.jta.platform' to enable JTA platform integration)
2026-01-06 12:48:51 INFO  [] [] org.springframework.orm.jpa.LocalContainerEntityManagerFactoryBean - Initialized JPA EntityManagerFactory for persistence unit 'default'
2026-01-06 12:48:52 WARN  [] [] org.springframework.web.context.support.GenericWebApplicationContext - Exception encountered during context initialization - cancelling refresh attempt: org.springframework.beans.factory.UnsatisfiedDependencyException: Error creating bean with name 'rabbitMQDeliveryEventPublisherAdapter' defined in file [C:\Eksamen_softwarekvalitet\SD-Exam-Project-Gateway\delivery-service\target\classes\com\mtogo\delivery\infrastructure\adapter\out\messaging\RabbitMQDeliveryEventPublisherAdapter.class]: Unsatisfied dependency expressed through constructor parameter 0: No qualifying bean of type 'org.springframework.amqp.rabbit.core.RabbitTemplate' available: expected at least 1 bean which qualifies as autowire candidate. Dependency annotations: {}
2026-01-06 12:48:52 INFO  [] [] org.springframework.orm.jpa.LocalContainerEntityManagerFactoryBean - Closing JPA EntityManagerFactory for persistence unit 'default'
2026-01-06 12:48:52 INFO  [] [] com.zaxxer.hikari.HikariDataSource - HikariPool-1 - Shutdown initiated...
2026-01-06 12:48:52 INFO  [] [] com.zaxxer.hikari.HikariDataSource - HikariPool-1 - Shutdown completed.
2026-01-06 12:48:52 INFO  [] [] org.springframework.boot.autoconfigure.logging.ConditionEvaluationReportLogger - 

Error starting ApplicationContext. To display the condition evaluation report re-run your application with 'debug' enabled.
2026-01-06 12:48:52 ERROR [] [] org.springframework.boot.diagnostics.LoggingFailureAnalysisReporter - 

***************************
APPLICATION FAILED TO START
***************************

Description:

Parameter 0 of constructor in com.mtogo.delivery.infrastructure.adapter.out.messaging.RabbitMQDeliveryEventPublisherAdapter required a bean of type 'org.springframework.amqp.rabbit.core.RabbitTemplate' that could not be found.


Action:

Consider defining a bean of type 'org.springframework.amqp.rabbit.core.RabbitTemplate' in your configuration.

2026-01-06 12:48:52 WARN  [] [] org.springframework.test.context.TestContextManager - Caught exception while allowing TestExecutionListener [org.springframework.test.context.web.ServletTestExecutionListener] to prepare test instance [com.mtogo.delivery.DeliveryServiceApplicationTests@6a2369c]
java.lang.IllegalStateException: Failed to load ApplicationContext for [WebMergedContextConfiguration@23ffc566 testClass = com.mtogo.delivery.DeliveryServiceApplicationTests, locations = [], classes = [com.mtogo.delivery.DeliveryServiceApplication], contextInitializerClasses = [], activeProfiles = ["test"], propertySourceDescriptors = [], propertySourceProperties = ["org.springframework.boot.test.context.SpringBootTestContextBootstrapper=true"], contextCustomizers = [org.springframework.boot.test.context.filter.ExcludeFilterContextCustomizer@549404e7, org.springframework.boot.test.json.DuplicateJsonObjectContextCustomizerFactory$DuplicateJsonObjectContextCustomizer@75b4db22, org.springframework.boot.test.mock.mockito.MockitoContextCustomizer@0, org.springframework.boot.test.web.client.TestRestTemplateContextCustomizer@7e09407a, org.springframework.boot.test.web.reactor.netty.DisableReactorResourceFactoryGlobalResourcesContextCustomizerFactory$DisableReactorResourceFactoryGlobalResourcesContextCustomizerCustomizer@65294247, org.springframework.boot.test.autoconfigure.OnFailureConditionReportContextCustomizerFactory$OnFailureConditionReportContextCustomizer@2eafb4e7, org.springframework.boot.test.autoconfigure.actuate.observability.ObservabilityContextCustomizerFactory$DisableObservabilityContextCustomizer@1f, org.springframework.boot.test.autoconfigure.properties.PropertyMappingContextCustomizer@0, org.springframework.boot.test.autoconfigure.web.servlet.WebDriverContextCustomizer@2f8b48c3, org.springframework.test.context.support.DynamicPropertiesContextCustomizer@0, org.springframework.boot.test.context.SpringBootTestAnnotation@d40c5779], resourceBasePath = "src/main/webapp", contextLoader = org.springframework.boot.test.context.SpringBootContextLoader, parent = null]
	at org.springframework.test.context.cache.DefaultCacheAwareContextLoaderDelegate.loadContext(DefaultCacheAwareContextLoaderDelegate.java:180)
	at org.springframework.test.context.support.DefaultTestContext.getApplicationContext(DefaultTestContext.java:130)
	at org.springframework.test.context.web.ServletTestExecutionListener.setUpRequestContextIfNecessary(ServletTestExecutionListener.java:200)
	at org.springframework.test.context.web.ServletTestExecutionListener.prepareTestInstance(ServletTestExecutionListener.java:139)
	at org.springframework.test.context.TestContextManager.prepareTestInstance(TestContextManager.java:260)
	at org.springframework.test.context.junit.jupiter.SpringExtension.postProcessTestInstance(SpringExtension.java:159)
	at org.junit.jupiter.engine.descriptor.ClassBasedTestDescriptor.lambda$invokeTestInstancePostProcessors$10(ClassBasedTestDescriptor.java:383)
	at org.junit.jupiter.engine.descriptor.ClassBasedTestDescriptor.executeAndMaskThrowable(ClassBasedTestDescriptor.java:388)
	at org.junit.jupiter.engine.descriptor.ClassBasedTestDescriptor.lambda$invokeTestInstancePostProcessors$11(ClassBasedTestDescriptor.java:382)
	at java.base/java.util.stream.ForEachOps$ForEachOp$OfRef.accept(ForEachOps.java:183)
	at java.base/java.util.stream.ReferencePipeline$3$1.accept(ReferencePipeline.java:197)
	at java.base/java.util.stream.ReferencePipeline$2$1.accept(ReferencePipeline.java:179)
	at java.base/java.util.stream.ReferencePipeline$3$1.accept(ReferencePipeline.java:197)
	at java.base/java.util.ArrayList$ArrayListSpliterator.forEachRemaining(ArrayList.java:1625)
	at java.base/java.util.stream.AbstractPipeline.copyInto(AbstractPipeline.java:509)
	at java.base/java.util.stream.AbstractPipeline.wrapAndCopyInto(AbstractPipeline.java:499)
	at java.base/java.util.stream.ForEachOps$ForEachOp.evaluateSequential(ForEachOps.java:150)
	at java.base/java.util.stream.ForEachOps$ForEachOp$OfRef.evaluateSequential(ForEachOps.java:173)
	at java.base/java.util.stream.AbstractPipeline.evaluate(AbstractPipeline.java:234)
	at java.base/java.util.stream.ReferencePipeline.forEach(ReferencePipeline.java:596)
	at org.junit.jupiter.engine.descriptor.ClassBasedTestDescriptor.invokeTestInstancePostProcessors(ClassBasedTestDescriptor.java:382)
	at org.junit.jupiter.engine.descriptor.ClassBasedTestDescriptor.lambda$instantiateAndPostProcessTestInstance$6(ClassBasedTestDescriptor.java:293)
	at org.junit.platform.engine.support.hierarchical.ThrowableCollector.execute(ThrowableCollector.java:73)
	at org.junit.jupiter.engine.descriptor.ClassBasedTestDescriptor.instantiateAndPostProcessTestInstance(ClassBasedTestDescriptor.java:292)
	at org.junit.jupiter.engine.descriptor.ClassBasedTestDescriptor.lambda$testInstancesProvider$4(ClassBasedTestDescriptor.java:281)
	at java.base/java.util.Optional.orElseGet(Optional.java:364)
	at org.junit.jupiter.engine.descriptor.ClassBasedTestDescriptor.lambda$testInstancesProvider$5(ClassBasedTestDescriptor.java:280)
	at org.junit.jupiter.engine.execution.TestInstancesProvider.getTestInstances(TestInstancesProvider.java:27)
	at org.junit.jupiter.engine.descriptor.TestMethodTestDescriptor.lambda$prepare$0(TestMethodTestDescriptor.java:112)
	at org.junit.platform.engine.support.hierarchical.ThrowableCollector.execute(ThrowableCollector.java:73)
	at org.junit.jupiter.engine.descriptor.TestMethodTestDescriptor.prepare(TestMethodTestDescriptor.java:111)
	at org.junit.jupiter.engine.descriptor.TestMethodTestDescriptor.prepare(TestMethodTestDescriptor.java:69)
	at org.junit.platform.engine.support.hierarchical.NodeTestTask.lambda$prepare$2(NodeTestTask.java:128)
	at org.junit.platform.engine.support.hierarchical.ThrowableCollector.execute(ThrowableCollector.java:73)
	at org.junit.platform.engine.support.hierarchical.NodeTestTask.prepare(NodeTestTask.java:128)
	at org.junit.platform.engine.support.hierarchical.NodeTestTask.execute(NodeTestTask.java:95)
	at java.base/java.util.ArrayList.forEach(ArrayList.java:1511)
	at org.junit.platform.engine.support.hierarchical.SameThreadHierarchicalTestExecutorService.invokeAll(SameThreadHierarchicalTestExecutorService.java:41)
	at org.junit.platform.engine.support.hierarchical.NodeTestTask.lambda$executeRecursively$6(NodeTestTask.java:160)
	at org.junit.platform.engine.support.hierarchical.ThrowableCollector.execute(ThrowableCollector.java:73)
	at org.junit.platform.engine.support.hierarchical.NodeTestTask.lambda$executeRecursively$8(NodeTestTask.java:146)
	at org.junit.platform.engine.support.hierarchical.Node.around(Node.java:137)
	at org.junit.platform.engine.support.hierarchical.NodeTestTask.lambda$executeRecursively$9(NodeTestTask.java:144)
	at org.junit.platform.engine.support.hierarchical.ThrowableCollector.execute(ThrowableCollector.java:73)
	at org.junit.platform.engine.support.hierarchical.NodeTestTask.executeRecursively(NodeTestTask.java:143)
	at org.junit.platform.engine.support.hierarchical.NodeTestTask.execute(NodeTestTask.java:100)
	at java.base/java.util.ArrayList.forEach(ArrayList.java:1511)
	at org.junit.platform.engine.support.hierarchical.SameThreadHierarchicalTestExecutorService.invokeAll(SameThreadHierarchicalTestExecutorService.java:41)
	at org.junit.platform.engine.support.hierarchical.NodeTestTask.lambda$executeRecursively$6(NodeTestTask.java:160)
	at org.junit.platform.engine.support.hierarchical.ThrowableCollector.execute(ThrowableCollector.java:73)
	at org.junit.platform.engine.support.hierarchical.NodeTestTask.lambda$executeRecursively$8(NodeTestTask.java:146)
	at org.junit.platform.engine.support.hierarchical.Node.around(Node.java:137)
	at org.junit.platform.engine.support.hierarchical.NodeTestTask.lambda$executeRecursively$9(NodeTestTask.java:144)
	at org.junit.platform.engine.support.hierarchical.ThrowableCollector.execute(ThrowableCollector.java:73)
	at org.junit.platform.engine.support.hierarchical.NodeTestTask.executeRecursively(NodeTestTask.java:143)
	at org.junit.platform.engine.support.hierarchical.NodeTestTask.execute(NodeTestTask.java:100)
	at org.junit.platform.engine.support.hierarchical.SameThreadHierarchicalTestExecutorService.submit(SameThreadHierarchicalTestExecutorService.java:35)
	at org.junit.platform.engine.support.hierarchical.HierarchicalTestExecutor.execute(HierarchicalTestExecutor.java:57)
	at org.junit.platform.engine.support.hierarchical.HierarchicalTestEngine.execute(HierarchicalTestEngine.java:54)
	at org.junit.platform.launcher.core.EngineExecutionOrchestrator.execute(EngineExecutionOrchestrator.java:201)
	at org.junit.platform.launcher.core.EngineExecutionOrchestrator.execute(EngineExecutionOrchestrator.java:170)
	at org.junit.platform.launcher.core.EngineExecutionOrchestrator.execute(EngineExecutionOrchestrator.java:94)
	at org.junit.platform.launcher.core.EngineExecutionOrchestrator.lambda$execute$0(EngineExecutionOrchestrator.java:59)
	at org.junit.platform.launcher.core.EngineExecutionOrchestrator.withInterceptedStreams(EngineExecutionOrchestrator.java:142)
	at org.junit.platform.launcher.core.EngineExecutionOrchestrator.execute(EngineExecutionOrchestrator.java:58)
	at org.junit.platform.launcher.core.DefaultLauncher.execute(DefaultLauncher.java:103)
	at org.junit.platform.launcher.core.DefaultLauncher.execute(DefaultLauncher.java:85)
	at org.junit.platform.launcher.core.DelegatingLauncher.execute(DelegatingLauncher.java:47)
	at org.junit.platform.launcher.core.InterceptingLauncher.lambda$execute$1(InterceptingLauncher.java:39)
	at org.junit.platform.launcher.core.ClasspathAlignmentCheckingLauncherInterceptor.intercept(ClasspathAlignmentCheckingLauncherInterceptor.java:25)
	at org.junit.platform.launcher.core.InterceptingLauncher.execute(InterceptingLauncher.java:38)
	at org.junit.platform.launcher.core.DelegatingLauncher.execute(DelegatingLauncher.java:47)
	at org.apache.maven.surefire.junitplatform.LauncherAdapter.executeWithoutCancellationToken(LauncherAdapter.java:60)
	at org.apache.maven.surefire.junitplatform.LauncherAdapter.execute(LauncherAdapter.java:52)
	at org.apache.maven.surefire.junitplatform.JUnitPlatformProvider.execute(JUnitPlatformProvider.java:203)
	at org.apache.maven.surefire.junitplatform.JUnitPlatformProvider.invokeAllTests(JUnitPlatformProvider.java:168)
	at org.apache.maven.surefire.junitplatform.JUnitPlatformProvider.invoke(JUnitPlatformProvider.java:136)
	at org.apache.maven.surefire.booter.ForkedBooter.runSuitesInProcess(ForkedBooter.java:385)
	at org.apache.maven.surefire.booter.ForkedBooter.execute(ForkedBooter.java:162)
	at org.apache.maven.surefire.booter.ForkedBooter.run(ForkedBooter.java:507)
	at org.apache.maven.surefire.booter.ForkedBooter.main(ForkedBooter.java:495)
Caused by: org.springframework.beans.factory.UnsatisfiedDependencyException: Error creating bean with name 'rabbitMQDeliveryEventPublisherAdapter' defined in file [C:\Eksamen_softwarekvalitet\SD-Exam-Project-Gateway\delivery-service\target\classes\com\mtogo\delivery\infrastructure\adapter\out\messaging\RabbitMQDeliveryEventPublisherAdapter.class]: Unsatisfied dependency expressed through constructor parameter 0: No qualifying bean of type 'org.springframework.amqp.rabbit.core.RabbitTemplate' available: expected at least 1 bean which qualifies as autowire candidate. Dependency annotations: {}
	at org.springframework.beans.factory.support.ConstructorResolver.createArgumentArray(ConstructorResolver.java:804)
	at org.springframework.beans.factory.support.ConstructorResolver.autowireConstructor(ConstructorResolver.java:240)
	at org.springframework.beans.factory.support.AbstractAutowireCapableBeanFactory.autowireConstructor(AbstractAutowireCapableBeanFactory.java:1395)
	at org.springframework.beans.factory.support.AbstractAutowireCapableBeanFactory.createBeanInstance(AbstractAutowireCapableBeanFactory.java:1232)
	at org.springframework.beans.factory.support.AbstractAutowireCapableBeanFactory.doCreateBean(AbstractAutowireCapableBeanFactory.java:569)
	at org.springframework.beans.factory.support.AbstractAutowireCapableBeanFactory.createBean(AbstractAutowireCapableBeanFactory.java:529)
	at org.springframework.beans.factory.support.AbstractBeanFactory.lambda$doGetBean$0(AbstractBeanFactory.java:339)
	at org.springframework.beans.factory.support.DefaultSingletonBeanRegistry.getSingleton(DefaultSingletonBeanRegistry.java:373)
	at org.springframework.beans.factory.support.AbstractBeanFactory.doGetBean(AbstractBeanFactory.java:337)
	at org.springframework.beans.factory.support.AbstractBeanFactory.getBean(AbstractBeanFactory.java:202)
	at org.springframework.beans.factory.support.DefaultListableBeanFactory.instantiateSingleton(DefaultListableBeanFactory.java:1228)
	at org.springframework.beans.factory.support.DefaultListableBeanFactory.preInstantiateSingleton(DefaultListableBeanFactory.java:1194)
	at org.springframework.beans.factory.support.DefaultListableBeanFactory.preInstantiateSingletons(DefaultListableBeanFactory.java:1130)
	at org.springframework.context.support.AbstractApplicationContext.finishBeanFactoryInitialization(AbstractApplicationContext.java:990)
	at org.springframework.context.support.AbstractApplicationContext.refresh(AbstractApplicationContext.java:627)
	at org.springframework.boot.SpringApplication.refresh(SpringApplication.java:752)
	at org.springframework.boot.SpringApplication.refreshContext(SpringApplication.java:439)
	at org.springframework.boot.SpringApplication.run(SpringApplication.java:318)
	at org.springframework.boot.test.context.SpringBootContextLoader.lambda$loadContext$3(SpringBootContextLoader.java:144)
	at org.springframework.util.function.ThrowingSupplier.get(ThrowingSupplier.java:58)
	at org.springframework.util.function.ThrowingSupplier.get(ThrowingSupplier.java:46)
	at org.springframework.boot.SpringApplication.withHook(SpringApplication.java:1461)
	at org.springframework.boot.test.context.SpringBootContextLoader$ContextLoaderHook.run(SpringBootContextLoader.java:563)
	at org.springframework.boot.test.context.SpringBootContextLoader.loadContext(SpringBootContextLoader.java:144)
	at org.springframework.boot.test.context.SpringBootContextLoader.loadContext(SpringBootContextLoader.java:110)
	at org.springframework.test.context.cache.DefaultCacheAwareContextLoaderDelegate.loadContextInternal(DefaultCacheAwareContextLoaderDelegate.java:225)
	at org.springframework.test.context.cache.DefaultCacheAwareContextLoaderDelegate.loadContext(DefaultCacheAwareContextLoaderDelegate.java:152)
	... 80 common frames omitted
Caused by: org.springframework.beans.factory.NoSuchBeanDefinitionException: No qualifying bean of type 'org.springframework.amqp.rabbit.core.RabbitTemplate' available: expected at least 1 bean which qualifies as autowire candidate. Dependency annotations: {}
	at org.springframework.beans.factory.support.DefaultListableBeanFactory.raiseNoMatchingBeanFound(DefaultListableBeanFactory.java:2315)
	at org.springframework.beans.factory.support.DefaultListableBeanFactory.doResolveDependency(DefaultListableBeanFactory.java:1733)
	at org.springframework.beans.factory.support.DefaultListableBeanFactory.resolveDependency(DefaultListableBeanFactory.java:1653)
	at org.springframework.beans.factory.support.ConstructorResolver.resolveAutowiredArgument(ConstructorResolver.java:913)
	at org.springframework.beans.factory.support.ConstructorResolver.createArgumentArray(ConstructorResolver.java:791)
	... 106 common frames omitted
2026-01-06 12:48:52 INFO  [] [] org.springframework.test.context.support.AnnotationConfigContextLoaderUtils - Could not detect default configuration classes for test class [com.mtogo.delivery.persistence.DeliveryRepositoryH2Test]: DeliveryRepositoryH2Test does not declare any static, non-private, non-final, nested classes annotated with @Configuration.
2026-01-06 12:48:52 INFO  [] [] org.springframework.boot.test.context.SpringBootTestContextBootstrapper - Found @SpringBootConfiguration com.mtogo.delivery.DeliveryServiceApplication for test class com.mtogo.delivery.persistence.DeliveryRepositoryH2Test
2026-01-06 12:48:52 INFO  [] [] com.mtogo.delivery.persistence.DeliveryRepositoryH2Test - Starting DeliveryRepositoryH2Test using Java 17.0.17 with PID 11532 (started by natas in C:\Eksamen_softwarekvalitet\SD-Exam-Project-Gateway\delivery-service)
2026-01-06 12:48:52 INFO  [] [] com.mtogo.delivery.persistence.DeliveryRepositoryH2Test - No active profile set, falling back to 1 default profile: "default"
2026-01-06 12:48:53 INFO  [] [] org.springframework.data.repository.config.RepositoryConfigurationDelegate - Bootstrapping Spring Data JPA repositories in DEFAULT mode.
2026-01-06 12:48:53 INFO  [] [] org.springframework.data.repository.config.RepositoryConfigurationDelegate - Finished Spring Data repository scanning in 26 ms. Found 1 JPA repository interface.
2026-01-06 12:48:53 INFO  [] [] org.springframework.boot.test.autoconfigure.jdbc.TestDatabaseAutoConfiguration$EmbeddedDataSourceBeanFactoryPostProcessor - Replacing 'dataSource' DataSource bean with embedded version
2026-01-06 12:48:53 INFO  [] [] org.springframework.jdbc.datasource.embedded.EmbeddedDatabaseFactory - Starting embedded database: url='jdbc:h2:mem:a699e5e7-8435-46b8-a1b0-4c703eb4f906;DB_CLOSE_DELAY=-1;DB_CLOSE_ON_EXIT=false', username='sa'
2026-01-06 12:48:53 INFO  [] [] org.hibernate.jpa.internal.util.LogHelper - HHH000204: Processing PersistenceUnitInfo [name: default]
2026-01-06 12:48:53 INFO  [] [] org.hibernate.cache.internal.RegionFactoryInitiator - HHH000026: Second-level cache disabled
2026-01-06 12:48:53 INFO  [] [] org.springframework.orm.jpa.persistenceunit.SpringPersistenceUnitInfo - No LoadTimeWeaver setup: ignoring JPA class transformer
2026-01-06 12:48:53 INFO  [] [] org.hibernate.orm.connections.pooling - HHH10001005: Database info:
	Database JDBC URL [Connecting through datasource 'org.springframework.jdbc.datasource.embedded.EmbeddedDatabaseFactory$EmbeddedDataSourceProxy@51e24212']
	Database driver: undefined/unknown
	Database version: 2.3.232
	Autocommit mode: undefined/unknown
	Isolation level: undefined/unknown
	Minimum pool size: undefined/unknown
	Maximum pool size: undefined/unknown
2026-01-06 12:48:53 INFO  [] [] org.hibernate.engine.transaction.jta.platform.internal.JtaPlatformInitiator - HHH000489: No JTA platform available (set 'hibernate.transaction.jta.platform' to enable JTA platform integration)
2026-01-06 12:48:53 INFO  [] [] org.springframework.orm.jpa.LocalContainerEntityManagerFactoryBean - Initialized JPA EntityManagerFactory for persistence unit 'default'
2026-01-06 12:48:53 INFO  [] [] com.mtogo.delivery.persistence.DeliveryRepositoryH2Test - Started DeliveryRepositoryH2Test in 0.665 seconds (process running for 15.564)
2026-01-06 12:48:53 INFO  [] [] org.testcontainers.images.PullPolicy - Image pull policy will be performed by: DefaultPullPolicy()
2026-01-06 12:48:53 INFO  [] [] org.testcontainers.utility.ImageNameSubstitutor - Image name substitution will be performed by: DefaultImageNameSubstitutor (composite of 'ConfigurationFileImageNameSubstitutor' and 'PrefixingImageNameSubstitutor')
2026-01-06 12:48:53 INFO  [] [] org.testcontainers.DockerClientFactory - Testcontainers version: 1.21.3
2026-01-06 12:48:54 INFO  [] [] org.testcontainers.dockerclient.DockerClientProviderStrategy - Loaded org.testcontainers.dockerclient.NpipeSocketClientProviderStrategy from ~/.testcontainers.properties, will try it first
2026-01-06 12:48:55 INFO  [] [] org.testcontainers.dockerclient.DockerClientProviderStrategy - Found Docker environment with local Npipe socket (npipe:////./pipe/docker_engine)
2026-01-06 12:48:55 INFO  [] [] org.testcontainers.DockerClientFactory - Docker host IP address is localhost
2026-01-06 12:48:55 INFO  [] [] org.testcontainers.DockerClientFactory - Connected to docker: 
  Server Version: 28.3.3
  API Version: 1.51
  Operating System: Docker Desktop
  Total Memory: 6851 MB
  Labels: 
    com.docker.desktop.address=npipe://\\.\pipe\docker_cli
2026-01-06 12:48:55 INFO  [] [] tc.testcontainers/ryuk:0.12.0 - Creating container for image: testcontainers/ryuk:0.12.0
2026-01-06 12:48:55 INFO  [] [] tc.testcontainers/ryuk:0.12.0 - Container testcontainers/ryuk:0.12.0 is starting: 9c75610338b3fe9e6d09de44036ae7af0dd266a7e3e6d01ec67781b6ff664d86
2026-01-06 12:48:56 INFO  [] [] tc.testcontainers/ryuk:0.12.0 - Container testcontainers/ryuk:0.12.0 started in PT1.1448825S
2026-01-06 12:48:56 INFO  [] [] org.testcontainers.utility.RyukResourceReaper - Ryuk started - will monitor and terminate Testcontainers containers on JVM exit
2026-01-06 12:48:56 INFO  [] [] org.testcontainers.DockerClientFactory - Checking the system...
2026-01-06 12:48:56 INFO  [] [] org.testcontainers.DockerClientFactory - ?? Docker server version should be at least 1.6.0
2026-01-06 12:48:56 INFO  [] [] tc.mysql:8.0 - Creating container for image: mysql:8.0
2026-01-06 12:48:56 INFO  [] [] tc.mysql:8.0 - Container mysql:8.0 is starting: ea9015148c840ed0b52f01e4e1c6d23ddd9c822c829c849173ff4d80417df406
2026-01-06 12:48:57 INFO  [] [] tc.mysql:8.0 - Waiting for database connection to become available at jdbc:mysql://localhost:62807/test using query 'SELECT 1'
2026-01-06 12:49:17 INFO  [] [] tc.mysql:8.0 - Container mysql:8.0 started in PT21.3920864S
2026-01-06 12:49:17 INFO  [] [] tc.mysql:8.0 - Container is started (JDBC URL: jdbc:mysql://localhost:62807/test)
2026-01-06 12:49:17 INFO  [] [] org.springframework.test.context.support.AnnotationConfigContextLoaderUtils - Could not detect default configuration classes for test class [com.mtogo.delivery.persistence.DeliveryRepositoryMySQLContainerTest]: DeliveryRepositoryMySQLContainerTest does not declare any static, non-private, non-final, nested classes annotated with @Configuration.
2026-01-06 12:49:17 INFO  [] [] org.springframework.boot.test.context.SpringBootTestContextBootstrapper - Found @SpringBootConfiguration com.mtogo.delivery.DeliveryServiceApplication for test class com.mtogo.delivery.persistence.DeliveryRepositoryMySQLContainerTest
2026-01-06 12:49:18 INFO  [] [] com.mtogo.delivery.persistence.DeliveryRepositoryMySQLContainerTest - Starting DeliveryRepositoryMySQLContainerTest using Java 17.0.17 with PID 11532 (started by natas in C:\Eksamen_softwarekvalitet\SD-Exam-Project-Gateway\delivery-service)
2026-01-06 12:49:18 INFO  [] [] com.mtogo.delivery.persistence.DeliveryRepositoryMySQLContainerTest - No active profile set, falling back to 1 default profile: "default"
2026-01-06 12:49:18 INFO  [] [] org.springframework.data.repository.config.RepositoryConfigurationDelegate - Bootstrapping Spring Data JPA repositories in DEFAULT mode.
2026-01-06 12:49:18 INFO  [] [] org.springframework.data.repository.config.RepositoryConfigurationDelegate - Finished Spring Data repository scanning in 27 ms. Found 1 JPA repository interface.
2026-01-06 12:49:18 INFO  [] [] org.hibernate.jpa.internal.util.LogHelper - HHH000204: Processing PersistenceUnitInfo [name: default]
2026-01-06 12:49:18 INFO  [] [] org.hibernate.cache.internal.RegionFactoryInitiator - HHH000026: Second-level cache disabled
2026-01-06 12:49:18 INFO  [] [] org.springframework.orm.jpa.persistenceunit.SpringPersistenceUnitInfo - No LoadTimeWeaver setup: ignoring JPA class transformer
2026-01-06 12:49:18 INFO  [] [] com.zaxxer.hikari.HikariDataSource - HikariPool-2 - Starting...
2026-01-06 12:49:18 INFO  [] [] com.zaxxer.hikari.pool.HikariPool - HikariPool-2 - Added connection com.mysql.cj.jdbc.ConnectionImpl@6a5e7fee
2026-01-06 12:49:18 INFO  [] [] com.zaxxer.hikari.HikariDataSource - HikariPool-2 - Start completed.
2026-01-06 12:49:18 INFO  [] [] org.hibernate.orm.connections.pooling - HHH10001005: Database info:
	Database JDBC URL [Connecting through datasource 'HikariDataSource (HikariPool-2)']
	Database driver: undefined/unknown
	Database version: 8.0.44
	Autocommit mode: undefined/unknown
	Isolation level: undefined/unknown
	Minimum pool size: undefined/unknown
	Maximum pool size: undefined/unknown
2026-01-06 12:49:18 INFO  [] [] org.hibernate.engine.transaction.jta.platform.internal.JtaPlatformInitiator - HHH000489: No JTA platform available (set 'hibernate.transaction.jta.platform' to enable JTA platform integration)
2026-01-06 12:49:18 INFO  [] [] org.springframework.orm.jpa.LocalContainerEntityManagerFactoryBean - Initialized JPA EntityManagerFactory for persistence unit 'default'
2026-01-06 12:49:18 INFO  [] [] com.mtogo.delivery.persistence.DeliveryRepositoryMySQLContainerTest - Started DeliveryRepositoryMySQLContainerTest in 0.937 seconds (process running for 41.024)
2026-01-06 12:49:19 INFO  [] [] org.springframework.orm.jpa.LocalContainerEntityManagerFactoryBean - Closing JPA EntityManagerFactory for persistence unit 'default'
2026-01-06 12:49:19 INFO  [] [] org.springframework.orm.jpa.LocalContainerEntityManagerFactoryBean - Closing JPA EntityManagerFactory for persistence unit 'default'
2026-01-06 12:49:19 INFO  [] [] com.zaxxer.hikari.HikariDataSource - HikariPool-2 - Shutdown initiated...
2026-01-06 12:49:19 INFO  [] [] com.zaxxer.hikari.HikariDataSource - HikariPool-2 - Shutdown completed.
2026-01-06 20:24:21 INFO  [] [] org.springframework.test.context.support.AnnotationConfigContextLoaderUtils - Could not detect default configuration classes for test class [com.mtogo.delivery.controller.DeliveryControllerTest]: DeliveryControllerTest does not declare any static, non-private, non-final, nested classes annotated with @Configuration.
2026-01-06 20:24:22 INFO  [] [] org.springframework.boot.test.context.SpringBootTestContextBootstrapper - Found @SpringBootConfiguration com.mtogo.delivery.DeliveryServiceApplication for test class com.mtogo.delivery.controller.DeliveryControllerTest
2026-01-06 20:24:22 INFO  [] [] org.hibernate.validator.internal.util.Version - HV000001: Hibernate Validator 8.0.3.Final
2026-01-06 20:24:22 INFO  [] [] com.mtogo.delivery.controller.DeliveryControllerTest - Starting DeliveryControllerTest using Java 17.0.17 with PID 5084 (started by natas in C:\Eksamen_softwarekvalitet\SD-Exam-Project-Gateway\delivery-service)
2026-01-06 20:24:22 INFO  [] [] com.mtogo.delivery.controller.DeliveryControllerTest - No active profile set, falling back to 1 default profile: "default"
2026-01-06 20:24:24 WARN  [] [] org.springframework.boot.autoconfigure.security.servlet.UserDetailsServiceAutoConfiguration - 

Using generated security password: 7e14756f-9bcc-4849-a8df-e2f8da07ae57

This generated password is for development use only. Your security configuration must be updated before running your application in production.

2026-01-06 20:24:24 INFO  [] [] org.springframework.security.config.annotation.authentication.configuration.InitializeUserDetailsBeanManagerConfigurer$InitializeUserDetailsManagerConfigurer - Global AuthenticationManager configured with UserDetailsService bean with name inMemoryUserDetailsManager
2026-01-06 20:24:25 INFO  [] [] org.springframework.boot.test.mock.web.SpringBootMockServletContext - Initializing Spring TestDispatcherServlet ''
2026-01-06 20:24:25 INFO  [] [] org.springframework.test.web.servlet.TestDispatcherServlet - Initializing Servlet ''
2026-01-06 20:24:25 INFO  [] [] org.springframework.test.web.servlet.TestDispatcherServlet - Completed initialization in 1 ms
2026-01-06 20:24:25 INFO  [] [] com.mtogo.delivery.controller.DeliveryControllerTest - Started DeliveryControllerTest in 2.89 seconds (process running for 7.751)
2026-01-06 20:24:25 INFO  [bda4f534-0d4a-4bed-b6d0-44d5eba15b99] [42] com.mtogo.delivery.infrastructure.api.DeliveryTaskController - Create delivery task completed in 0 ms
2026-01-06 20:24:25 INFO  [bda4f534-0d4a-4bed-b6d0-44d5eba15b99] [42] com.example.RequestLogger - Request handled method=POST path=/deliveries/{id}/assign status=201 elapsed_ms=13
2026-01-06 20:24:25 INFO  [9d6978f7-92bf-470b-b0c0-115f909b4751] [agent] com.mtogo.delivery.infrastructure.api.DeliveryTaskController - Delivered completed in 1 ms
2026-01-06 20:24:25 INFO  [9d6978f7-92bf-470b-b0c0-115f909b4751] [agent] com.example.RequestLogger - Request handled method=POST path=/deliveries/{id}/deliver status=200 elapsed_ms=1
2026-01-06 20:24:25 INFO  [99543e04-0fd6-4086-8659-2514ac488850] [1] com.mtogo.delivery.infrastructure.api.DeliveryTaskController - Create delivery task completed in 0 ms
2026-01-06 20:24:25 INFO  [99543e04-0fd6-4086-8659-2514ac488850] [1] com.example.RequestLogger - Request handled method=POST path=/deliveries status=201 elapsed_ms=1
2026-01-06 20:24:25 INFO  [8b08509d-3f02-4496-a3e0-8432d403619d] [agent] com.mtogo.delivery.infrastructure.api.DeliveryTaskController - Mark delivery picked up completed in 2 ms
2026-01-06 20:24:25 INFO  [8b08509d-3f02-4496-a3e0-8432d403619d] [agent] com.example.RequestLogger - Request handled method=POST path=/deliveries/{id}/pickup status=200 elapsed_ms=3
2026-01-06 20:24:25 INFO  [] [] org.springframework.test.context.support.AnnotationConfigContextLoaderUtils - Could not detect default configuration classes for test class [com.mtogo.delivery.DeliveryServiceApplicationTests]: DeliveryServiceApplicationTests does not declare any static, non-private, non-final, nested classes annotated with @Configuration.
2026-01-06 20:24:25 INFO  [] [] org.springframework.boot.test.context.SpringBootTestContextBootstrapper - Found @SpringBootConfiguration com.mtogo.delivery.DeliveryServiceApplication for test class com.mtogo.delivery.DeliveryServiceApplicationTests
2026-01-06 20:24:25 INFO  [] [] com.mtogo.delivery.DeliveryServiceApplicationTests - Starting DeliveryServiceApplicationTests using Java 17.0.17 with PID 5084 (started by natas in C:\Eksamen_softwarekvalitet\SD-Exam-Project-Gateway\delivery-service)
2026-01-06 20:24:25 INFO  [] [] com.mtogo.delivery.DeliveryServiceApplicationTests - The following 1 profile is active: "test"
2026-01-06 20:24:26 INFO  [] [] org.springframework.data.repository.config.RepositoryConfigurationDelegate - Bootstrapping Spring Data JPA repositories in DEFAULT mode.
2026-01-06 20:24:26 INFO  [] [] org.springframework.data.repository.config.RepositoryConfigurationDelegate - Finished Spring Data repository scanning in 71 ms. Found 1 JPA repository interface.
2026-01-06 20:24:27 INFO  [] [] org.hibernate.jpa.internal.util.LogHelper - HHH000204: Processing PersistenceUnitInfo [name: default]
2026-01-06 20:24:27 INFO  [] [] org.hibernate.Version - HHH000412: Hibernate ORM core version 6.6.36.Final
2026-01-06 20:24:27 INFO  [] [] org.hibernate.cache.internal.RegionFactoryInitiator - HHH000026: Second-level cache disabled
2026-01-06 20:24:27 INFO  [] [] org.springframework.orm.jpa.persistenceunit.SpringPersistenceUnitInfo - No LoadTimeWeaver setup: ignoring JPA class transformer
2026-01-06 20:24:27 INFO  [] [] com.zaxxer.hikari.HikariDataSource - HikariPool-1 - Starting...
2026-01-06 20:24:28 INFO  [] [] com.zaxxer.hikari.pool.HikariPool - HikariPool-1 - Added connection conn0: url=jdbc:h2:mem:testdb user=SA
2026-01-06 20:24:28 INFO  [] [] com.zaxxer.hikari.HikariDataSource - HikariPool-1 - Start completed.
2026-01-06 20:24:28 WARN  [] [] org.hibernate.orm.deprecation - HHH90000025: H2Dialect does not need to be specified explicitly using 'hibernate.dialect' (remove the property setting and it will be selected by default)
2026-01-06 20:24:28 INFO  [] [] org.hibernate.orm.connections.pooling - HHH10001005: Database info:
	Database JDBC URL [Connecting through datasource 'HikariDataSource (HikariPool-1)']
	Database driver: undefined/unknown
	Database version: 2.3.232
	Autocommit mode: undefined/unknown
	Isolation level: undefined/unknown
	Minimum pool size: undefined/unknown
	Maximum pool size: undefined/unknown
2026-01-06 20:24:29 INFO  [] [] org.hibernate.engine.transaction.jta.platform.internal.JtaPlatformInitiator - HHH000489: No JTA platform available (set 'hibernate.transaction.jta.platform' to enable JTA platform integration)
2026-01-06 20:24:29 INFO  [] [] org.springframework.orm.jpa.LocalContainerEntityManagerFactoryBean - Initialized JPA EntityManagerFactory for persistence unit 'default'
2026-01-06 20:24:29 WARN  [] [] org.springframework.web.context.support.GenericWebApplicationContext - Exception encountered during context initialization - cancelling refresh attempt: org.springframework.beans.factory.UnsatisfiedDependencyException: Error creating bean with name 'rabbitMQDeliveryEventPublisherAdapter' defined in file [C:\Eksamen_softwarekvalitet\SD-Exam-Project-Gateway\delivery-service\target\classes\com\mtogo\delivery\infrastructure\adapter\out\messaging\RabbitMQDeliveryEventPublisherAdapter.class]: Unsatisfied dependency expressed through constructor parameter 0: No qualifying bean of type 'org.springframework.amqp.rabbit.core.RabbitTemplate' available: expected at least 1 bean which qualifies as autowire candidate. Dependency annotations: {}
2026-01-06 20:24:29 INFO  [] [] org.springframework.orm.jpa.LocalContainerEntityManagerFactoryBean - Closing JPA EntityManagerFactory for persistence unit 'default'
2026-01-06 20:24:29 INFO  [] [] com.zaxxer.hikari.HikariDataSource - HikariPool-1 - Shutdown initiated...
2026-01-06 20:24:29 INFO  [] [] com.zaxxer.hikari.HikariDataSource - HikariPool-1 - Shutdown completed.
2026-01-06 20:24:29 INFO  [] [] org.springframework.boot.autoconfigure.logging.ConditionEvaluationReportLogger - 

Error starting ApplicationContext. To display the condition evaluation report re-run your application with 'debug' enabled.
2026-01-06 20:24:29 ERROR [] [] org.springframework.boot.diagnostics.LoggingFailureAnalysisReporter - 

***************************
APPLICATION FAILED TO START
***************************

Description:

Parameter 0 of constructor in com.mtogo.delivery.infrastructure.adapter.out.messaging.RabbitMQDeliveryEventPublisherAdapter required a bean of type 'org.springframework.amqp.rabbit.core.RabbitTemplate' that could not be found.


Action:

Consider defining a bean of type 'org.springframework.amqp.rabbit.core.RabbitTemplate' in your configuration.

2026-01-06 20:24:29 WARN  [] [] org.springframework.test.context.TestContextManager - Caught exception while allowing TestExecutionListener [org.springframework.test.context.web.ServletTestExecutionListener] to prepare test instance [com.mtogo.delivery.DeliveryServiceApplicationTests@27420688]
java.lang.IllegalStateException: Failed to load ApplicationContext for [WebMergedContextConfiguration@7b4a92fd testClass = com.mtogo.delivery.DeliveryServiceApplicationTests, locations = [], classes = [com.mtogo.delivery.DeliveryServiceApplication], contextInitializerClasses = [], activeProfiles = ["test"], propertySourceDescriptors = [], propertySourceProperties = ["org.springframework.boot.test.context.SpringBootTestContextBootstrapper=true"], contextCustomizers = [org.springframework.boot.test.context.filter.ExcludeFilterContextCustomizer@3bac86a3, org.springframework.boot.test.json.DuplicateJsonObjectContextCustomizerFactory$DuplicateJsonObjectContextCustomizer@811d8d6, org.springframework.boot.test.mock.mockito.MockitoContextCustomizer@0, org.springframework.boot.test.web.client.TestRestTemplateContextCustomizer@7c441f09, org.springframework.boot.test.web.reactor.netty.DisableReactorResourceFactoryGlobalResourcesContextCustomizerFactory$DisableReactorResourceFactoryGlobalResourcesContextCustomizerCustomizer@7f39ad3f, org.springframework.boot.test.autoconfigure.OnFailureConditionReportContextCustomizerFactory$OnFailureConditionReportContextCustomizer@16f15a4, org.springframework.boot.test.autoconfigure.actuate.observability.ObservabilityContextCustomizerFactory$DisableObservabilityContextCustomizer@1f, org.springframework.boot.test.autoconfigure.properties.PropertyMappingContextCustomizer@0, org.springframework.boot.test.autoconfigure.web.servlet.WebDriverContextCustomizer@64de9fa4, org.springframework.test.context.support.DynamicPropertiesContextCustomizer@0, org.springframework.boot.test.context.SpringBootTestAnnotation@905a0acb], resourceBasePath = "src/main/webapp", contextLoader = org.springframework.boot.test.context.SpringBootContextLoader, parent = null]
	at org.springframework.test.context.cache.DefaultCacheAwareContextLoaderDelegate.loadContext(DefaultCacheAwareContextLoaderDelegate.java:180)
	at org.springframework.test.context.support.DefaultTestContext.getApplicationContext(DefaultTestContext.java:130)
	at org.springframework.test.context.web.ServletTestExecutionListener.setUpRequestContextIfNecessary(ServletTestExecutionListener.java:200)
	at org.springframework.test.context.web.ServletTestExecutionListener.prepareTestInstance(ServletTestExecutionListener.java:139)
	at org.springframework.test.context.TestContextManager.prepareTestInstance(TestContextManager.java:260)
	at org.springframework.test.context.junit.jupiter.SpringExtension.postProcessTestInstance(SpringExtension.java:159)
	at org.junit.jupiter.engine.descriptor.ClassBasedTestDescriptor.lambda$invokeTestInstancePostProcessors$10(ClassBasedTestDescriptor.java:383)
	at org.junit.jupiter.engine.descriptor.ClassBasedTestDescriptor.executeAndMaskThrowable(ClassBasedTestDescriptor.java:388)
	at org.junit.jupiter.engine.descriptor.ClassBasedTestDescriptor.lambda$invokeTestInstancePostProcessors$11(ClassBasedTestDescriptor.java:382)
	at java.base/java.util.stream.ForEachOps$ForEachOp$OfRef.accept(ForEachOps.java:183)
	at java.base/java.util.stream.ReferencePipeline$3$1.accept(ReferencePipeline.java:197)
	at java.base/java.util.stream.ReferencePipeline$2$1.accept(ReferencePipeline.java:179)
	at java.base/java.util.stream.ReferencePipeline$3$1.accept(ReferencePipeline.java:197)
	at java.base/java.util.ArrayList$ArrayListSpliterator.forEachRemaining(ArrayList.java:1625)
	at java.base/java.util.stream.AbstractPipeline.copyInto(AbstractPipeline.java:509)
	at java.base/java.util.stream.AbstractPipeline.wrapAndCopyInto(AbstractPipeline.java:499)
	at java.base/java.util.stream.ForEachOps$ForEachOp.evaluateSequential(ForEachOps.java:150)
	at java.base/java.util.stream.ForEachOps$ForEachOp$OfRef.evaluateSequential(ForEachOps.java:173)
	at java.base/java.util.stream.AbstractPipeline.evaluate(AbstractPipeline.java:234)
	at java.base/java.util.stream.ReferencePipeline.forEach(ReferencePipeline.java:596)
	at org.junit.jupiter.engine.descriptor.ClassBasedTestDescriptor.invokeTestInstancePostProcessors(ClassBasedTestDescriptor.java:382)
	at org.junit.jupiter.engine.descriptor.ClassBasedTestDescriptor.lambda$instantiateAndPostProcessTestInstance$6(ClassBasedTestDescriptor.java:293)
	at org.junit.platform.engine.support.hierarchical.ThrowableCollector.execute(ThrowableCollector.java:73)
	at org.junit.jupiter.engine.descriptor.ClassBasedTestDescriptor.instantiateAndPostProcessTestInstance(ClassBasedTestDescriptor.java:292)
	at org.junit.jupiter.engine.descriptor.ClassBasedTestDescriptor.lambda$testInstancesProvider$4(ClassBasedTestDescriptor.java:281)
	at java.base/java.util.Optional.orElseGet(Optional.java:364)
	at org.junit.jupiter.engine.descriptor.ClassBasedTestDescriptor.lambda$testInstancesProvider$5(ClassBasedTestDescriptor.java:280)
	at org.junit.jupiter.engine.execution.TestInstancesProvider.getTestInstances(TestInstancesProvider.java:27)
	at org.junit.jupiter.engine.descriptor.TestMethodTestDescriptor.lambda$prepare$0(TestMethodTestDescriptor.java:112)
	at org.junit.platform.engine.support.hierarchical.ThrowableCollector.execute(ThrowableCollector.java:73)
	at org.junit.jupiter.engine.descriptor.TestMethodTestDescriptor.prepare(TestMethodTestDescriptor.java:111)
	at org.junit.jupiter.engine.descriptor.TestMethodTestDescriptor.prepare(TestMethodTestDescriptor.java:69)
	at org.junit.platform.engine.support.hierarchical.NodeTestTask.lambda$prepare$2(NodeTestTask.java:128)
	at org.junit.platform.engine.support.hierarchical.ThrowableCollector.execute(ThrowableCollector.java:73)
	at org.junit.platform.engine.support.hierarchical.NodeTestTask.prepare(NodeTestTask.java:128)
	at org.junit.platform.engine.support.hierarchical.NodeTestTask.execute(NodeTestTask.java:95)
	at java.base/java.util.ArrayList.forEach(ArrayList.java:1511)
	at org.junit.platform.engine.support.hierarchical.SameThreadHierarchicalTestExecutorService.invokeAll(SameThreadHierarchicalTestExecutorService.java:41)
	at org.junit.platform.engine.support.hierarchical.NodeTestTask.lambda$executeRecursively$6(NodeTestTask.java:160)
	at org.junit.platform.engine.support.hierarchical.ThrowableCollector.execute(ThrowableCollector.java:73)
	at org.junit.platform.engine.support.hierarchical.NodeTestTask.lambda$executeRecursively$8(NodeTestTask.java:146)
	at org.junit.platform.engine.support.hierarchical.Node.around(Node.java:137)
	at org.junit.platform.engine.support.hierarchical.NodeTestTask.lambda$executeRecursively$9(NodeTestTask.java:144)
	at org.junit.platform.engine.support.hierarchical.ThrowableCollector.execute(ThrowableCollector.java:73)
	at org.junit.platform.engine.support.hierarchical.NodeTestTask.executeRecursively(NodeTestTask.java:143)
	at org.junit.platform.engine.support.hierarchical.NodeTestTask.execute(NodeTestTask.java:100)
	at java.base/java.util.ArrayList.forEach(ArrayList.java:1511)
	at org.junit.platform.engine.support.hierarchical.SameThreadHierarchicalTestExecutorService.invokeAll(SameThreadHierarchicalTestExecutorService.java:41)
	at org.junit.platform.engine.support.hierarchical.NodeTestTask.lambda$executeRecursively$6(NodeTestTask.java:160)
	at org.junit.platform.engine.support.hierarchical.ThrowableCollector.execute(ThrowableCollector.java:73)
	at org.junit.platform.engine.support.hierarchical.NodeTestTask.lambda$executeRecursively$8(NodeTestTask.java:146)
	at org.junit.platform.engine.support.hierarchical.Node.around(Node.java:137)
	at org.junit.platform.engine.support.hierarchical.NodeTestTask.lambda$executeRecursively$9(NodeTestTask.java:144)
	at org.junit.platform.engine.support.hierarchical.ThrowableCollector.execute(ThrowableCollector.java:73)
	at org.junit.platform.engine.support.hierarchical.NodeTestTask.executeRecursively(NodeTestTask.java:143)
	at org.junit.platform.engine.support.hierarchical.NodeTestTask.execute(NodeTestTask.java:100)
	at org.junit.platform.engine.support.hierarchical.SameThreadHierarchicalTestExecutorService.submit(SameThreadHierarchicalTestExecutorService.java:35)
	at org.junit.platform.engine.support.hierarchical.HierarchicalTestExecutor.execute(HierarchicalTestExecutor.java:57)
	at org.junit.platform.engine.support.hierarchical.HierarchicalTestEngine.execute(HierarchicalTestEngine.java:54)
	at org.junit.platform.launcher.core.EngineExecutionOrchestrator.execute(EngineExecutionOrchestrator.java:201)
	at org.junit.platform.launcher.core.EngineExecutionOrchestrator.execute(EngineExecutionOrchestrator.java:170)
	at org.junit.platform.launcher.core.EngineExecutionOrchestrator.execute(EngineExecutionOrchestrator.java:94)
	at org.junit.platform.launcher.core.EngineExecutionOrchestrator.lambda$execute$0(EngineExecutionOrchestrator.java:59)
	at org.junit.platform.launcher.core.EngineExecutionOrchestrator.withInterceptedStreams(EngineExecutionOrchestrator.java:142)
	at org.junit.platform.launcher.core.EngineExecutionOrchestrator.execute(EngineExecutionOrchestrator.java:58)
	at org.junit.platform.launcher.core.DefaultLauncher.execute(DefaultLauncher.java:103)
	at org.junit.platform.launcher.core.DefaultLauncher.execute(DefaultLauncher.java:85)
	at org.junit.platform.launcher.core.DelegatingLauncher.execute(DelegatingLauncher.java:47)
	at org.junit.platform.launcher.core.InterceptingLauncher.lambda$execute$1(InterceptingLauncher.java:39)
	at org.junit.platform.launcher.core.ClasspathAlignmentCheckingLauncherInterceptor.intercept(ClasspathAlignmentCheckingLauncherInterceptor.java:25)
	at org.junit.platform.launcher.core.InterceptingLauncher.execute(InterceptingLauncher.java:38)
	at org.junit.platform.launcher.core.DelegatingLauncher.execute(DelegatingLauncher.java:47)
	at org.apache.maven.surefire.junitplatform.LauncherAdapter.executeWithoutCancellationToken(LauncherAdapter.java:60)
	at org.apache.maven.surefire.junitplatform.LauncherAdapter.execute(LauncherAdapter.java:52)
	at org.apache.maven.surefire.junitplatform.JUnitPlatformProvider.execute(JUnitPlatformProvider.java:203)
	at org.apache.maven.surefire.junitplatform.JUnitPlatformProvider.invokeAllTests(JUnitPlatformProvider.java:168)
	at org.apache.maven.surefire.junitplatform.JUnitPlatformProvider.invoke(JUnitPlatformProvider.java:136)
	at org.apache.maven.surefire.booter.ForkedBooter.runSuitesInProcess(ForkedBooter.java:385)
	at org.apache.maven.surefire.booter.ForkedBooter.execute(ForkedBooter.java:162)
	at org.apache.maven.surefire.booter.ForkedBooter.run(ForkedBooter.java:507)
	at org.apache.maven.surefire.booter.ForkedBooter.main(ForkedBooter.java:495)
Caused by: org.springframework.beans.factory.UnsatisfiedDependencyException: Error creating bean with name 'rabbitMQDeliveryEventPublisherAdapter' defined in file [C:\Eksamen_softwarekvalitet\SD-Exam-Project-Gateway\delivery-service\target\classes\com\mtogo\delivery\infrastructure\adapter\out\messaging\RabbitMQDeliveryEventPublisherAdapter.class]: Unsatisfied dependency expressed through constructor parameter 0: No qualifying bean of type 'org.springframework.amqp.rabbit.core.RabbitTemplate' available: expected at least 1 bean which qualifies as autowire candidate. Dependency annotations: {}
	at org.springframework.beans.factory.support.ConstructorResolver.createArgumentArray(ConstructorResolver.java:804)
	at org.springframework.beans.factory.support.ConstructorResolver.autowireConstructor(ConstructorResolver.java:240)
	at org.springframework.beans.factory.support.AbstractAutowireCapableBeanFactory.autowireConstructor(AbstractAutowireCapableBeanFactory.java:1395)
	at org.springframework.beans.factory.support.AbstractAutowireCapableBeanFactory.createBeanInstance(AbstractAutowireCapableBeanFactory.java:1232)
	at org.springframework.beans.factory.support.AbstractAutowireCapableBeanFactory.doCreateBean(AbstractAutowireCapableBeanFactory.java:569)
	at org.springframework.beans.factory.support.AbstractAutowireCapableBeanFactory.createBean(AbstractAutowireCapableBeanFactory.java:529)
	at org.springframework.beans.factory.support.AbstractBeanFactory.lambda$doGetBean$0(AbstractBeanFactory.java:339)
	at org.springframework.beans.factory.support.DefaultSingletonBeanRegistry.getSingleton(DefaultSingletonBeanRegistry.java:373)
	at org.springframework.beans.factory.support.AbstractBeanFactory.doGetBean(AbstractBeanFactory.java:337)
	at org.springframework.beans.factory.support.AbstractBeanFactory.getBean(AbstractBeanFactory.java:202)
	at org.springframework.beans.factory.support.DefaultListableBeanFactory.instantiateSingleton(DefaultListableBeanFactory.java:1228)
	at org.springframework.beans.factory.support.DefaultListableBeanFactory.preInstantiateSingleton(DefaultListableBeanFactory.java:1194)
	at org.springframework.beans.factory.support.DefaultListableBeanFactory.preInstantiateSingletons(DefaultListableBeanFactory.java:1130)
	at org.springframework.context.support.AbstractApplicationContext.finishBeanFactoryInitialization(AbstractApplicationContext.java:990)
	at org.springframework.context.support.AbstractApplicationContext.refresh(AbstractApplicationContext.java:627)
	at org.springframework.boot.SpringApplication.refresh(SpringApplication.java:752)
	at org.springframework.boot.SpringApplication.refreshContext(SpringApplication.java:439)
	at org.springframework.boot.SpringApplication.run(SpringApplication.java:318)
	at org.springframework.boot.test.context.SpringBootContextLoader.lambda$loadContext$3(SpringBootContextLoader.java:144)
	at org.springframework.util.function.ThrowingSupplier.get(ThrowingSupplier.java:58)
	at org.springframework.util.function.ThrowingSupplier.get(ThrowingSupplier.java:46)
	at org.springframework.boot.SpringApplication.withHook(SpringApplication.java:1461)
	at org.springframework.boot.test.context.SpringBootContextLoader$ContextLoaderHook.run(SpringBootContextLoader.java:563)
	at org.springframework.boot.test.context.SpringBootContextLoader.loadContext(SpringBootContextLoader.java:144)
	at org.springframework.boot.test.context.SpringBootContextLoader.loadContext(SpringBootContextLoader.java:110)
	at org.springframework.test.context.cache.DefaultCacheAwareContextLoaderDelegate.loadContextInternal(DefaultCacheAwareContextLoaderDelegate.java:225)
	at org.springframework.test.context.cache.DefaultCacheAwareContextLoaderDelegate.loadContext(DefaultCacheAwareContextLoaderDelegate.java:152)
	... 80 common frames omitted
Caused by: org.springframework.beans.factory.NoSuchBeanDefinitionException: No qualifying bean of type 'org.springframework.amqp.rabbit.core.RabbitTemplate' available: expected at least 1 bean which qualifies as autowire candidate. Dependency annotations: {}
	at org.springframework.beans.factory.support.DefaultListableBeanFactory.raiseNoMatchingBeanFound(DefaultListableBeanFactory.java:2315)
	at org.springframework.beans.factory.support.DefaultListableBeanFactory.doResolveDependency(DefaultListableBeanFactory.java:1733)
	at org.springframework.beans.factory.support.DefaultListableBeanFactory.resolveDependency(DefaultListableBeanFactory.java:1653)
	at org.springframework.beans.factory.support.ConstructorResolver.resolveAutowiredArgument(ConstructorResolver.java:913)
	at org.springframework.beans.factory.support.ConstructorResolver.createArgumentArray(ConstructorResolver.java:791)
	... 106 common frames omitted
2026-01-06 20:24:29 INFO  [] [] org.springframework.test.context.support.AnnotationConfigContextLoaderUtils - Could not detect default configuration classes for test class [com.mtogo.delivery.persistence.DeliveryRepositoryH2Test]: DeliveryRepositoryH2Test does not declare any static, non-private, non-final, nested classes annotated with @Configuration.
2026-01-06 20:24:29 INFO  [] [] org.springframework.boot.test.context.SpringBootTestContextBootstrapper - Found @SpringBootConfiguration com.mtogo.delivery.DeliveryServiceApplication for test class com.mtogo.delivery.persistence.DeliveryRepositoryH2Test
2026-01-06 20:24:29 INFO  [] [] com.mtogo.delivery.persistence.DeliveryRepositoryH2Test - Starting DeliveryRepositoryH2Test using Java 17.0.17 with PID 5084 (started by natas in C:\Eksamen_softwarekvalitet\SD-Exam-Project-Gateway\delivery-service)
2026-01-06 20:24:29 INFO  [] [] com.mtogo.delivery.persistence.DeliveryRepositoryH2Test - No active profile set, falling back to 1 default profile: "default"
2026-01-06 20:24:30 INFO  [] [] org.springframework.data.repository.config.RepositoryConfigurationDelegate - Bootstrapping Spring Data JPA repositories in DEFAULT mode.
2026-01-06 20:24:30 INFO  [] [] org.springframework.data.repository.config.RepositoryConfigurationDelegate - Finished Spring Data repository scanning in 22 ms. Found 1 JPA repository interface.
2026-01-06 20:24:30 INFO  [] [] org.springframework.boot.test.autoconfigure.jdbc.TestDatabaseAutoConfiguration$EmbeddedDataSourceBeanFactoryPostProcessor - Replacing 'dataSource' DataSource bean with embedded version
2026-01-06 20:24:30 INFO  [] [] org.springframework.jdbc.datasource.embedded.EmbeddedDatabaseFactory - Starting embedded database: url='jdbc:h2:mem:73fcd988-b088-4006-ac54-9120fde9e4c1;DB_CLOSE_DELAY=-1;DB_CLOSE_ON_EXIT=false', username='sa'
2026-01-06 20:24:30 INFO  [] [] org.hibernate.jpa.internal.util.LogHelper - HHH000204: Processing PersistenceUnitInfo [name: default]
2026-01-06 20:24:30 INFO  [] [] org.hibernate.cache.internal.RegionFactoryInitiator - HHH000026: Second-level cache disabled
2026-01-06 20:24:30 INFO  [] [] org.springframework.orm.jpa.persistenceunit.SpringPersistenceUnitInfo - No LoadTimeWeaver setup: ignoring JPA class transformer
2026-01-06 20:24:30 INFO  [] [] org.hibernate.orm.connections.pooling - HHH10001005: Database info:
	Database JDBC URL [Connecting through datasource 'org.springframework.jdbc.datasource.embedded.EmbeddedDatabaseFactory$EmbeddedDataSourceProxy@15e7f7d8']
	Database driver: undefined/unknown
	Database version: 2.3.232
	Autocommit mode: undefined/unknown
	Isolation level: undefined/unknown
	Minimum pool size: undefined/unknown
	Maximum pool size: undefined/unknown
2026-01-06 20:24:30 INFO  [] [] org.hibernate.engine.transaction.jta.platform.internal.JtaPlatformInitiator - HHH000489: No JTA platform available (set 'hibernate.transaction.jta.platform' to enable JTA platform integration)
2026-01-06 20:24:30 INFO  [] [] org.springframework.orm.jpa.LocalContainerEntityManagerFactoryBean - Initialized JPA EntityManagerFactory for persistence unit 'default'
2026-01-06 20:24:30 INFO  [] [] com.mtogo.delivery.persistence.DeliveryRepositoryH2Test - Started DeliveryRepositoryH2Test in 0.468 seconds (process running for 13.101)
2026-01-06 20:24:30 INFO  [] [] org.testcontainers.images.PullPolicy - Image pull policy will be performed by: DefaultPullPolicy()
2026-01-06 20:24:30 INFO  [] [] org.testcontainers.utility.ImageNameSubstitutor - Image name substitution will be performed by: DefaultImageNameSubstitutor (composite of 'ConfigurationFileImageNameSubstitutor' and 'PrefixingImageNameSubstitutor')
2026-01-06 20:24:30 INFO  [] [] org.testcontainers.DockerClientFactory - Testcontainers version: 1.21.3
2026-01-06 20:24:31 INFO  [] [] org.testcontainers.dockerclient.DockerClientProviderStrategy - Loaded org.testcontainers.dockerclient.NpipeSocketClientProviderStrategy from ~/.testcontainers.properties, will try it first
2026-01-06 20:24:31 INFO  [] [] org.testcontainers.dockerclient.DockerClientProviderStrategy - Found Docker environment with local Npipe socket (npipe:////./pipe/docker_engine)
2026-01-06 20:24:31 INFO  [] [] org.testcontainers.DockerClientFactory - Docker host IP address is localhost
2026-01-06 20:24:31 INFO  [] [] org.testcontainers.DockerClientFactory - Connected to docker: 
  Server Version: 28.3.3
  API Version: 1.51
  Operating System: Docker Desktop
  Total Memory: 6851 MB
  Labels: 
    com.docker.desktop.address=npipe://\\.\pipe\docker_cli
2026-01-06 20:24:31 INFO  [] [] tc.testcontainers/ryuk:0.12.0 - Pulling docker image: testcontainers/ryuk:0.12.0. Please be patient; this may take some time but only needs to be done once.
2026-01-06 20:24:33 INFO  [] [] tc.testcontainers/ryuk:0.12.0 - Starting to pull image
2026-01-06 20:24:33 INFO  [] [] tc.testcontainers/ryuk:0.12.0 - Pulling image layers:  0 pending,  0 downloaded,  0 extracted, (0 bytes/0 bytes)
2026-01-06 20:24:34 INFO  [] [] tc.testcontainers/ryuk:0.12.0 - Pulling image layers:  2 pending,  1 downloaded,  0 extracted, (2 MB/? MB)
2026-01-06 20:24:34 INFO  [] [] tc.testcontainers/ryuk:0.12.0 - Pulling image layers:  1 pending,  2 downloaded,  0 extracted, (3 MB/? MB)
2026-01-06 20:24:34 INFO  [] [] tc.testcontainers/ryuk:0.12.0 - Pulling image layers:  1 pending,  2 downloaded,  1 extracted, (4 MB/? MB)
2026-01-06 20:24:34 INFO  [] [] tc.testcontainers/ryuk:0.12.0 - Pulling image layers:  1 pending,  2 downloaded,  2 extracted, (7 MB/? MB)
2026-01-06 20:24:34 INFO  [] [] tc.testcontainers/ryuk:0.12.0 - Pulling image layers:  0 pending,  3 downloaded,  2 extracted, (7 MB/10 MB)
2026-01-06 20:24:34 INFO  [] [] tc.testcontainers/ryuk:0.12.0 - Pulling image layers:  0 pending,  3 downloaded,  3 extracted, (7 MB/10 MB)
2026-01-06 20:24:34 INFO  [] [] tc.testcontainers/ryuk:0.12.0 - Pull complete. 3 layers, pulled in 1s (downloaded 7 MB at 7 MB/s)
2026-01-06 20:24:34 INFO  [] [] tc.testcontainers/ryuk:0.12.0 - Image testcontainers/ryuk:0.12.0 pull took PT2.6704181S
2026-01-06 20:24:34 INFO  [] [] tc.testcontainers/ryuk:0.12.0 - Creating container for image: testcontainers/ryuk:0.12.0
2026-01-06 20:24:34 INFO  [] [] tc.testcontainers/ryuk:0.12.0 - Container testcontainers/ryuk:0.12.0 is starting: a727b933af3625c56320b4b1cd4e4f0997a0efdd88df4a8dc69f7ddee93cbdfc
2026-01-06 20:24:35 INFO  [] [] tc.testcontainers/ryuk:0.12.0 - Container testcontainers/ryuk:0.12.0 started in PT0.868466S
2026-01-06 20:24:35 INFO  [] [] org.testcontainers.utility.RyukResourceReaper - Ryuk started - will monitor and terminate Testcontainers containers on JVM exit
2026-01-06 20:24:35 INFO  [] [] org.testcontainers.DockerClientFactory - Checking the system...
2026-01-06 20:24:35 INFO  [] [] org.testcontainers.DockerClientFactory - ?? Docker server version should be at least 1.6.0
2026-01-06 20:24:35 INFO  [] [] tc.mysql:8.0 - Creating container for image: mysql:8.0
2026-01-06 20:24:35 INFO  [] [] tc.mysql:8.0 - Container mysql:8.0 is starting: ad4186eea04cd63fdfc36a93c01345e94d6cc3579f152850499d7d8371a67add
2026-01-06 20:24:36 INFO  [] [] tc.mysql:8.0 - Waiting for database connection to become available at jdbc:mysql://localhost:58148/test using query 'SELECT 1'
2026-01-06 20:24:49 INFO  [] [] tc.mysql:8.0 - Container mysql:8.0 started in PT13.9925084S
2026-01-06 20:24:49 INFO  [] [] tc.mysql:8.0 - Container is started (JDBC URL: jdbc:mysql://localhost:58148/test)
2026-01-06 20:24:49 INFO  [] [] org.springframework.test.context.support.AnnotationConfigContextLoaderUtils - Could not detect default configuration classes for test class [com.mtogo.delivery.persistence.DeliveryRepositoryMySQLContainerTest]: DeliveryRepositoryMySQLContainerTest does not declare any static, non-private, non-final, nested classes annotated with @Configuration.
2026-01-06 20:24:49 INFO  [] [] org.springframework.boot.test.context.SpringBootTestContextBootstrapper - Found @SpringBootConfiguration com.mtogo.delivery.DeliveryServiceApplication for test class com.mtogo.delivery.persistence.DeliveryRepositoryMySQLContainerTest
2026-01-06 20:24:49 INFO  [] [] com.mtogo.delivery.persistence.DeliveryRepositoryMySQLContainerTest - Starting DeliveryRepositoryMySQLContainerTest using Java 17.0.17 with PID 5084 (started by natas in C:\Eksamen_softwarekvalitet\SD-Exam-Project-Gateway\delivery-service)
2026-01-06 20:24:49 INFO  [] [] com.mtogo.delivery.persistence.DeliveryRepositoryMySQLContainerTest - No active profile set, falling back to 1 default profile: "default"
2026-01-06 20:24:49 INFO  [] [] org.springframework.data.repository.config.RepositoryConfigurationDelegate - Bootstrapping Spring Data JPA repositories in DEFAULT mode.
2026-01-06 20:24:49 INFO  [] [] org.springframework.data.repository.config.RepositoryConfigurationDelegate - Finished Spring Data repository scanning in 18 ms. Found 1 JPA repository interface.
2026-01-06 20:24:49 INFO  [] [] org.hibernate.jpa.internal.util.LogHelper - HHH000204: Processing PersistenceUnitInfo [name: default]
2026-01-06 20:24:49 INFO  [] [] org.hibernate.cache.internal.RegionFactoryInitiator - HHH000026: Second-level cache disabled
2026-01-06 20:24:49 INFO  [] [] org.springframework.orm.jpa.persistenceunit.SpringPersistenceUnitInfo - No LoadTimeWeaver setup: ignoring JPA class transformer
2026-01-06 20:24:49 INFO  [] [] com.zaxxer.hikari.HikariDataSource - HikariPool-2 - Starting...
2026-01-06 20:24:50 INFO  [] [] com.zaxxer.hikari.pool.HikariPool - HikariPool-2 - Added connection com.mysql.cj.jdbc.ConnectionImpl@79455bd7
2026-01-06 20:24:50 INFO  [] [] com.zaxxer.hikari.HikariDataSource - HikariPool-2 - Start completed.
2026-01-06 20:24:50 INFO  [] [] org.hibernate.orm.connections.pooling - HHH10001005: Database info:
	Database JDBC URL [Connecting through datasource 'HikariDataSource (HikariPool-2)']
	Database driver: undefined/unknown
	Database version: 8.0.44
	Autocommit mode: undefined/unknown
	Isolation level: undefined/unknown
	Minimum pool size: undefined/unknown
	Maximum pool size: undefined/unknown
2026-01-06 20:24:50 INFO  [] [] org.hibernate.engine.transaction.jta.platform.internal.JtaPlatformInitiator - HHH000489: No JTA platform available (set 'hibernate.transaction.jta.platform' to enable JTA platform integration)
2026-01-06 20:24:50 INFO  [] [] org.springframework.orm.jpa.LocalContainerEntityManagerFactoryBean - Initialized JPA EntityManagerFactory for persistence unit 'default'
2026-01-06 20:24:50 INFO  [] [] com.mtogo.delivery.persistence.DeliveryRepositoryMySQLContainerTest - Started DeliveryRepositoryMySQLContainerTest in 0.76 seconds (process running for 33.033)
2026-01-06 20:24:50 INFO  [] [] org.springframework.orm.jpa.LocalContainerEntityManagerFactoryBean - Closing JPA EntityManagerFactory for persistence unit 'default'
2026-01-06 20:24:50 INFO  [] [] org.springframework.orm.jpa.LocalContainerEntityManagerFactoryBean - Closing JPA EntityManagerFactory for persistence unit 'default'
2026-01-06 20:24:50 INFO  [] [] com.zaxxer.hikari.HikariDataSource - HikariPool-2 - Shutdown initiated...
2026-01-06 20:24:51 INFO  [] [] com.zaxxer.hikari.HikariDataSource - HikariPool-2 - Shutdown completed.
2026-01-06 20:25:54 INFO  [] [] org.springframework.test.context.support.AnnotationConfigContextLoaderUtils - Could not detect default configuration classes for test class [com.mtogo.delivery.controller.DeliveryControllerTest]: DeliveryControllerTest does not declare any static, non-private, non-final, nested classes annotated with @Configuration.
2026-01-06 20:25:54 INFO  [] [] org.springframework.boot.test.context.SpringBootTestContextBootstrapper - Found @SpringBootConfiguration com.mtogo.delivery.DeliveryServiceApplication for test class com.mtogo.delivery.controller.DeliveryControllerTest
2026-01-06 20:25:55 INFO  [] [] org.hibernate.validator.internal.util.Version - HV000001: Hibernate Validator 8.0.3.Final
2026-01-06 20:25:55 INFO  [] [] com.mtogo.delivery.controller.DeliveryControllerTest - Starting DeliveryControllerTest using Java 17.0.17 with PID 26284 (started by natas in C:\Eksamen_softwarekvalitet\SD-Exam-Project-Gateway\delivery-service)
2026-01-06 20:25:55 INFO  [] [] com.mtogo.delivery.controller.DeliveryControllerTest - No active profile set, falling back to 1 default profile: "default"
2026-01-06 20:25:57 WARN  [] [] org.springframework.boot.autoconfigure.security.servlet.UserDetailsServiceAutoConfiguration - 

Using generated security password: 2389d222-1c94-4ad8-b71e-cb53df37e32d

This generated password is for development use only. Your security configuration must be updated before running your application in production.

2026-01-06 20:25:57 INFO  [] [] org.springframework.security.config.annotation.authentication.configuration.InitializeUserDetailsBeanManagerConfigurer$InitializeUserDetailsManagerConfigurer - Global AuthenticationManager configured with UserDetailsService bean with name inMemoryUserDetailsManager
2026-01-06 20:25:57 INFO  [] [] org.springframework.boot.test.mock.web.SpringBootMockServletContext - Initializing Spring TestDispatcherServlet ''
2026-01-06 20:25:57 INFO  [] [] org.springframework.test.web.servlet.TestDispatcherServlet - Initializing Servlet ''
2026-01-06 20:25:57 INFO  [] [] org.springframework.test.web.servlet.TestDispatcherServlet - Completed initialization in 2 ms
2026-01-06 20:25:57 INFO  [] [] com.mtogo.delivery.controller.DeliveryControllerTest - Started DeliveryControllerTest in 3.052 seconds (process running for 7.782)
2026-01-06 20:25:58 INFO  [6e4d4e79-4071-4242-b12d-657383341620] [42] com.mtogo.delivery.infrastructure.api.DeliveryTaskController - Create delivery task completed in 0 ms
2026-01-06 20:25:58 INFO  [6e4d4e79-4071-4242-b12d-657383341620] [42] com.example.RequestLogger - Request handled method=POST path=/deliveries/{id}/assign status=201 elapsed_ms=13
2026-01-06 20:25:58 INFO  [9aeb5da3-33df-4aec-973c-501629a17320] [agent] com.mtogo.delivery.infrastructure.api.DeliveryTaskController - Delivered completed in 0 ms
2026-01-06 20:25:58 INFO  [9aeb5da3-33df-4aec-973c-501629a17320] [agent] com.example.RequestLogger - Request handled method=POST path=/deliveries/{id}/deliver status=200 elapsed_ms=2
2026-01-06 20:25:58 INFO  [92242bc2-1506-43cd-906e-28fe18cc1e29] [1] com.mtogo.delivery.infrastructure.api.DeliveryTaskController - Create delivery task completed in 0 ms
2026-01-06 20:25:58 INFO  [92242bc2-1506-43cd-906e-28fe18cc1e29] [1] com.example.RequestLogger - Request handled method=POST path=/deliveries status=201 elapsed_ms=2
2026-01-06 20:25:58 INFO  [185473ea-1c32-43de-a474-19285120fa36] [agent] com.mtogo.delivery.infrastructure.api.DeliveryTaskController - Mark delivery picked up completed in 2 ms
2026-01-06 20:25:58 INFO  [185473ea-1c32-43de-a474-19285120fa36] [agent] com.example.RequestLogger - Request handled method=POST path=/deliveries/{id}/pickup status=200 elapsed_ms=5
2026-01-06 20:25:58 INFO  [] [] org.springframework.test.context.support.AnnotationConfigContextLoaderUtils - Could not detect default configuration classes for test class [com.mtogo.delivery.persistence.DeliveryRepositoryH2Test]: DeliveryRepositoryH2Test does not declare any static, non-private, non-final, nested classes annotated with @Configuration.
2026-01-06 20:25:58 INFO  [] [] org.springframework.boot.test.context.SpringBootTestContextBootstrapper - Found @SpringBootConfiguration com.mtogo.delivery.DeliveryServiceApplication for test class com.mtogo.delivery.persistence.DeliveryRepositoryH2Test
2026-01-06 20:25:58 INFO  [] [] com.mtogo.delivery.persistence.DeliveryRepositoryH2Test - Starting DeliveryRepositoryH2Test using Java 17.0.17 with PID 26284 (started by natas in C:\Eksamen_softwarekvalitet\SD-Exam-Project-Gateway\delivery-service)
2026-01-06 20:25:58 INFO  [] [] com.mtogo.delivery.persistence.DeliveryRepositoryH2Test - No active profile set, falling back to 1 default profile: "default"
2026-01-06 20:25:58 INFO  [] [] org.springframework.data.repository.config.RepositoryConfigurationDelegate - Bootstrapping Spring Data JPA repositories in DEFAULT mode.
2026-01-06 20:25:58 INFO  [] [] org.springframework.data.repository.config.RepositoryConfigurationDelegate - Finished Spring Data repository scanning in 64 ms. Found 1 JPA repository interface.
2026-01-06 20:25:58 INFO  [] [] org.springframework.boot.test.autoconfigure.jdbc.TestDatabaseAutoConfiguration$EmbeddedDataSourceBeanFactoryPostProcessor - Replacing 'dataSource' DataSource bean with embedded version
2026-01-06 20:25:59 INFO  [] [] org.springframework.jdbc.datasource.embedded.EmbeddedDatabaseFactory - Starting embedded database: url='jdbc:h2:mem:b45c4af7-b0e3-471b-9d30-fdbe75f0d507;DB_CLOSE_DELAY=-1;DB_CLOSE_ON_EXIT=false', username='sa'
2026-01-06 20:25:59 INFO  [] [] org.hibernate.jpa.internal.util.LogHelper - HHH000204: Processing PersistenceUnitInfo [name: default]
2026-01-06 20:25:59 INFO  [] [] org.hibernate.Version - HHH000412: Hibernate ORM core version 6.6.36.Final
2026-01-06 20:25:59 INFO  [] [] org.hibernate.cache.internal.RegionFactoryInitiator - HHH000026: Second-level cache disabled
2026-01-06 20:26:00 INFO  [] [] org.springframework.orm.jpa.persistenceunit.SpringPersistenceUnitInfo - No LoadTimeWeaver setup: ignoring JPA class transformer
2026-01-06 20:26:00 INFO  [] [] org.hibernate.orm.connections.pooling - HHH10001005: Database info:
	Database JDBC URL [Connecting through datasource 'org.springframework.jdbc.datasource.embedded.EmbeddedDatabaseFactory$EmbeddedDataSourceProxy@e602e78']
	Database driver: undefined/unknown
	Database version: 2.3.232
	Autocommit mode: undefined/unknown
	Isolation level: undefined/unknown
	Minimum pool size: undefined/unknown
	Maximum pool size: undefined/unknown
2026-01-06 20:26:01 INFO  [] [] org.hibernate.engine.transaction.jta.platform.internal.JtaPlatformInitiator - HHH000489: No JTA platform available (set 'hibernate.transaction.jta.platform' to enable JTA platform integration)
2026-01-06 20:26:01 INFO  [] [] org.springframework.orm.jpa.LocalContainerEntityManagerFactoryBean - Initialized JPA EntityManagerFactory for persistence unit 'default'
2026-01-06 20:26:02 INFO  [] [] com.mtogo.delivery.persistence.DeliveryRepositoryH2Test - Started DeliveryRepositoryH2Test in 3.677 seconds (process running for 12.017)
2026-01-06 20:26:02 INFO  [] [] org.testcontainers.images.PullPolicy - Image pull policy will be performed by: DefaultPullPolicy()
2026-01-06 20:26:02 INFO  [] [] org.testcontainers.utility.ImageNameSubstitutor - Image name substitution will be performed by: DefaultImageNameSubstitutor (composite of 'ConfigurationFileImageNameSubstitutor' and 'PrefixingImageNameSubstitutor')
2026-01-06 20:26:02 INFO  [] [] org.testcontainers.DockerClientFactory - Testcontainers version: 1.21.3
2026-01-06 20:26:02 INFO  [] [] org.testcontainers.dockerclient.DockerClientProviderStrategy - Loaded org.testcontainers.dockerclient.NpipeSocketClientProviderStrategy from ~/.testcontainers.properties, will try it first
2026-01-06 20:26:03 INFO  [] [] org.testcontainers.dockerclient.DockerClientProviderStrategy - Found Docker environment with local Npipe socket (npipe:////./pipe/docker_engine)
2026-01-06 20:26:03 INFO  [] [] org.testcontainers.DockerClientFactory - Docker host IP address is localhost
2026-01-06 20:26:03 INFO  [] [] org.testcontainers.DockerClientFactory - Connected to docker: 
  Server Version: 28.3.3
  API Version: 1.51
  Operating System: Docker Desktop
  Total Memory: 6851 MB
  Labels: 
    com.docker.desktop.address=npipe://\\.\pipe\docker_cli
2026-01-06 20:26:03 INFO  [] [] tc.testcontainers/ryuk:0.12.0 - Creating container for image: testcontainers/ryuk:0.12.0
2026-01-06 20:26:03 INFO  [] [] tc.testcontainers/ryuk:0.12.0 - Container testcontainers/ryuk:0.12.0 is starting: a8d7eaf4939c31799dd0b33739e085abc10a654e6162fdea89b750f0dc14d455
2026-01-06 20:26:04 INFO  [] [] tc.testcontainers/ryuk:0.12.0 - Container testcontainers/ryuk:0.12.0 started in PT0.8394801S
2026-01-06 20:26:04 INFO  [] [] org.testcontainers.utility.RyukResourceReaper - Ryuk started - will monitor and terminate Testcontainers containers on JVM exit
2026-01-06 20:26:04 INFO  [] [] org.testcontainers.DockerClientFactory - Checking the system...
2026-01-06 20:26:04 INFO  [] [] org.testcontainers.DockerClientFactory - ?? Docker server version should be at least 1.6.0
2026-01-06 20:26:04 INFO  [] [] tc.mysql:8.0 - Creating container for image: mysql:8.0
2026-01-06 20:26:04 INFO  [] [] tc.mysql:8.0 - Container mysql:8.0 is starting: 3a28114308937331982a75d342a71d18db337227c76580263139f7102a368e2d
2026-01-06 20:26:05 INFO  [] [] tc.mysql:8.0 - Waiting for database connection to become available at jdbc:mysql://localhost:50862/test using query 'SELECT 1'
2026-01-06 20:26:17 INFO  [] [] tc.mysql:8.0 - Container mysql:8.0 started in PT13.2086822S
2026-01-06 20:26:17 INFO  [] [] tc.mysql:8.0 - Container is started (JDBC URL: jdbc:mysql://localhost:50862/test)
2026-01-06 20:26:17 INFO  [] [] org.springframework.test.context.support.AnnotationConfigContextLoaderUtils - Could not detect default configuration classes for test class [com.mtogo.delivery.persistence.DeliveryRepositoryMySQLContainerTest]: DeliveryRepositoryMySQLContainerTest does not declare any static, non-private, non-final, nested classes annotated with @Configuration.
2026-01-06 20:26:17 INFO  [] [] org.springframework.boot.test.context.SpringBootTestContextBootstrapper - Found @SpringBootConfiguration com.mtogo.delivery.DeliveryServiceApplication for test class com.mtogo.delivery.persistence.DeliveryRepositoryMySQLContainerTest
2026-01-06 20:26:17 INFO  [] [] com.mtogo.delivery.persistence.DeliveryRepositoryMySQLContainerTest - Starting DeliveryRepositoryMySQLContainerTest using Java 17.0.17 with PID 26284 (started by natas in C:\Eksamen_softwarekvalitet\SD-Exam-Project-Gateway\delivery-service)
2026-01-06 20:26:17 INFO  [] [] com.mtogo.delivery.persistence.DeliveryRepositoryMySQLContainerTest - No active profile set, falling back to 1 default profile: "default"
2026-01-06 20:26:17 INFO  [] [] org.springframework.data.repository.config.RepositoryConfigurationDelegate - Bootstrapping Spring Data JPA repositories in DEFAULT mode.
2026-01-06 20:26:17 INFO  [] [] org.springframework.data.repository.config.RepositoryConfigurationDelegate - Finished Spring Data repository scanning in 24 ms. Found 1 JPA repository interface.
2026-01-06 20:26:18 INFO  [] [] org.hibernate.jpa.internal.util.LogHelper - HHH000204: Processing PersistenceUnitInfo [name: default]
2026-01-06 20:26:18 INFO  [] [] org.hibernate.cache.internal.RegionFactoryInitiator - HHH000026: Second-level cache disabled
2026-01-06 20:26:18 INFO  [] [] org.springframework.orm.jpa.persistenceunit.SpringPersistenceUnitInfo - No LoadTimeWeaver setup: ignoring JPA class transformer
2026-01-06 20:26:18 INFO  [] [] com.zaxxer.hikari.HikariDataSource - HikariPool-1 - Starting...
2026-01-06 20:26:18 INFO  [] [] com.zaxxer.hikari.pool.HikariPool - HikariPool-1 - Added connection com.mysql.cj.jdbc.ConnectionImpl@1037a234
2026-01-06 20:26:18 INFO  [] [] com.zaxxer.hikari.HikariDataSource - HikariPool-1 - Start completed.
2026-01-06 20:26:18 INFO  [] [] org.hibernate.orm.connections.pooling - HHH10001005: Database info:
	Database JDBC URL [Connecting through datasource 'HikariDataSource (HikariPool-1)']
	Database driver: undefined/unknown
	Database version: 8.0.44
	Autocommit mode: undefined/unknown
	Isolation level: undefined/unknown
	Minimum pool size: undefined/unknown
	Maximum pool size: undefined/unknown
2026-01-06 20:26:18 INFO  [] [] org.hibernate.engine.transaction.jta.platform.internal.JtaPlatformInitiator - HHH000489: No JTA platform available (set 'hibernate.transaction.jta.platform' to enable JTA platform integration)
2026-01-06 20:26:18 INFO  [] [] org.springframework.orm.jpa.LocalContainerEntityManagerFactoryBean - Initialized JPA EntityManagerFactory for persistence unit 'default'
2026-01-06 20:26:18 INFO  [] [] com.mtogo.delivery.persistence.DeliveryRepositoryMySQLContainerTest - Started DeliveryRepositoryMySQLContainerTest in 0.999 seconds (process running for 28.541)
2026-01-06 20:26:19 INFO  [] [] org.springframework.orm.jpa.LocalContainerEntityManagerFactoryBean - Closing JPA EntityManagerFactory for persistence unit 'default'
2026-01-06 20:26:19 INFO  [] [] org.springframework.orm.jpa.LocalContainerEntityManagerFactoryBean - Closing JPA EntityManagerFactory for persistence unit 'default'
2026-01-06 20:26:19 INFO  [] [] com.zaxxer.hikari.HikariDataSource - HikariPool-1 - Shutdown initiated...
2026-01-06 20:26:19 INFO  [] [] com.zaxxer.hikari.HikariDataSource - HikariPool-1 - Shutdown completed.
2026-01-06 21:43:35 INFO  [] [] org.springframework.test.context.support.AnnotationConfigContextLoaderUtils - Could not detect default configuration classes for test class [com.mtogo.delivery.controller.DeliveryControllerTest]: DeliveryControllerTest does not declare any static, non-private, non-final, nested classes annotated with @Configuration.
2026-01-06 21:43:36 INFO  [] [] org.springframework.boot.test.context.SpringBootTestContextBootstrapper - Found @SpringBootConfiguration com.mtogo.delivery.DeliveryServiceApplication for test class com.mtogo.delivery.controller.DeliveryControllerTest
2026-01-06 21:43:36 INFO  [] [] org.hibernate.validator.internal.util.Version - HV000001: Hibernate Validator 8.0.3.Final
2026-01-06 21:43:37 INFO  [] [] com.mtogo.delivery.controller.DeliveryControllerTest - Starting DeliveryControllerTest using Java 17.0.17 with PID 29096 (started by natas in C:\Eksamen_softwarekvalitet\SD-Exam-Project-Gateway\delivery-service)
2026-01-06 21:43:37 INFO  [] [] com.mtogo.delivery.controller.DeliveryControllerTest - No active profile set, falling back to 1 default profile: "default"
2026-01-06 21:43:38 WARN  [] [] org.springframework.boot.autoconfigure.security.servlet.UserDetailsServiceAutoConfiguration - 

Using generated security password: f4fa34d0-5c91-408d-94d8-229ab22b40d3

This generated password is for development use only. Your security configuration must be updated before running your application in production.

2026-01-06 21:43:38 INFO  [] [] org.springframework.security.config.annotation.authentication.configuration.InitializeUserDetailsBeanManagerConfigurer$InitializeUserDetailsManagerConfigurer - Global AuthenticationManager configured with UserDetailsService bean with name inMemoryUserDetailsManager
2026-01-06 21:43:39 INFO  [] [] org.springframework.boot.test.mock.web.SpringBootMockServletContext - Initializing Spring TestDispatcherServlet ''
2026-01-06 21:43:39 INFO  [] [] org.springframework.test.web.servlet.TestDispatcherServlet - Initializing Servlet ''
2026-01-06 21:43:39 INFO  [] [] org.springframework.test.web.servlet.TestDispatcherServlet - Completed initialization in 1 ms
2026-01-06 21:43:39 INFO  [] [] com.mtogo.delivery.controller.DeliveryControllerTest - Started DeliveryControllerTest in 2.894 seconds (process running for 7.933)
2026-01-06 21:43:39 INFO  [d16bc82a-8412-40f6-97a3-0c8e28a6aec2] [42] com.mtogo.delivery.infrastructure.api.DeliveryTaskController - Create delivery task completed in 0 ms
2026-01-06 21:43:39 INFO  [d16bc82a-8412-40f6-97a3-0c8e28a6aec2] [42] com.example.RequestLogger - Request handled method=POST path=/deliveries/{id}/assign status=201 elapsed_ms=15
2026-01-06 21:43:39 INFO  [1d78c572-7fe3-4244-8281-5c5be7d679cf] [agent] com.mtogo.delivery.infrastructure.api.DeliveryTaskController - Delivered completed in 0 ms
2026-01-06 21:43:39 INFO  [1d78c572-7fe3-4244-8281-5c5be7d679cf] [agent] com.example.RequestLogger - Request handled method=POST path=/deliveries/{id}/deliver status=200 elapsed_ms=2
2026-01-06 21:43:39 INFO  [bd128345-e6b2-48c1-b668-adb17ec4b829] [1] com.mtogo.delivery.infrastructure.api.DeliveryTaskController - Create delivery task completed in 1 ms
2026-01-06 21:43:39 INFO  [bd128345-e6b2-48c1-b668-adb17ec4b829] [1] com.example.RequestLogger - Request handled method=POST path=/deliveries status=201 elapsed_ms=2
2026-01-06 21:43:39 INFO  [e313dff5-5881-4e05-9ab3-98d16d28e9f6] [agent] com.mtogo.delivery.infrastructure.api.DeliveryTaskController - Mark delivery picked up completed in 4 ms
2026-01-06 21:43:39 INFO  [e313dff5-5881-4e05-9ab3-98d16d28e9f6] [agent] com.example.RequestLogger - Request handled method=POST path=/deliveries/{id}/pickup status=200 elapsed_ms=5
2026-01-06 21:43:39 INFO  [] [] org.springframework.test.context.support.AnnotationConfigContextLoaderUtils - Could not detect default configuration classes for test class [com.mtogo.delivery.persistence.DeliveryRepositoryH2Test]: DeliveryRepositoryH2Test does not declare any static, non-private, non-final, nested classes annotated with @Configuration.
2026-01-06 21:43:39 INFO  [] [] org.springframework.boot.test.context.SpringBootTestContextBootstrapper - Found @SpringBootConfiguration com.mtogo.delivery.DeliveryServiceApplication for test class com.mtogo.delivery.persistence.DeliveryRepositoryH2Test
2026-01-06 21:43:39 INFO  [] [] com.mtogo.delivery.persistence.DeliveryRepositoryH2Test - Starting DeliveryRepositoryH2Test using Java 17.0.17 with PID 29096 (started by natas in C:\Eksamen_softwarekvalitet\SD-Exam-Project-Gateway\delivery-service)
2026-01-06 21:43:39 INFO  [] [] com.mtogo.delivery.persistence.DeliveryRepositoryH2Test - No active profile set, falling back to 1 default profile: "default"
2026-01-06 21:43:39 INFO  [] [] org.springframework.data.repository.config.RepositoryConfigurationDelegate - Bootstrapping Spring Data JPA repositories in DEFAULT mode.
2026-01-06 21:43:40 INFO  [] [] org.springframework.data.repository.config.RepositoryConfigurationDelegate - Finished Spring Data repository scanning in 63 ms. Found 1 JPA repository interface.
2026-01-06 21:43:40 INFO  [] [] org.springframework.boot.test.autoconfigure.jdbc.TestDatabaseAutoConfiguration$EmbeddedDataSourceBeanFactoryPostProcessor - Replacing 'dataSource' DataSource bean with embedded version
2026-01-06 21:43:40 INFO  [] [] org.springframework.jdbc.datasource.embedded.EmbeddedDatabaseFactory - Starting embedded database: url='jdbc:h2:mem:1dbfb772-d917-4093-9c0e-af06bdf0cb24;DB_CLOSE_DELAY=-1;DB_CLOSE_ON_EXIT=false', username='sa'
2026-01-06 21:43:40 INFO  [] [] org.hibernate.jpa.internal.util.LogHelper - HHH000204: Processing PersistenceUnitInfo [name: default]
2026-01-06 21:43:40 INFO  [] [] org.hibernate.Version - HHH000412: Hibernate ORM core version 6.6.36.Final
2026-01-06 21:43:41 INFO  [] [] org.hibernate.cache.internal.RegionFactoryInitiator - HHH000026: Second-level cache disabled
2026-01-06 21:43:41 INFO  [] [] org.springframework.orm.jpa.persistenceunit.SpringPersistenceUnitInfo - No LoadTimeWeaver setup: ignoring JPA class transformer
2026-01-06 21:43:41 INFO  [] [] org.hibernate.orm.connections.pooling - HHH10001005: Database info:
	Database JDBC URL [Connecting through datasource 'org.springframework.jdbc.datasource.embedded.EmbeddedDatabaseFactory$EmbeddedDataSourceProxy@4468f64c']
	Database driver: undefined/unknown
	Database version: 2.3.232
	Autocommit mode: undefined/unknown
	Isolation level: undefined/unknown
	Minimum pool size: undefined/unknown
	Maximum pool size: undefined/unknown
2026-01-06 21:43:42 INFO  [] [] org.hibernate.engine.transaction.jta.platform.internal.JtaPlatformInitiator - HHH000489: No JTA platform available (set 'hibernate.transaction.jta.platform' to enable JTA platform integration)
2026-01-06 21:43:42 INFO  [] [] org.springframework.orm.jpa.LocalContainerEntityManagerFactoryBean - Initialized JPA EntityManagerFactory for persistence unit 'default'
2026-01-06 21:43:43 INFO  [] [] com.mtogo.delivery.persistence.DeliveryRepositoryH2Test - Started DeliveryRepositoryH2Test in 3.539 seconds (process running for 11.983)
2026-01-06 21:43:43 INFO  [] [] org.testcontainers.images.PullPolicy - Image pull policy will be performed by: DefaultPullPolicy()
2026-01-06 21:43:43 INFO  [] [] org.testcontainers.utility.ImageNameSubstitutor - Image name substitution will be performed by: DefaultImageNameSubstitutor (composite of 'ConfigurationFileImageNameSubstitutor' and 'PrefixingImageNameSubstitutor')
2026-01-06 21:43:43 INFO  [] [] org.testcontainers.DockerClientFactory - Testcontainers version: 1.21.3
2026-01-06 21:43:43 INFO  [] [] org.testcontainers.dockerclient.DockerClientProviderStrategy - Loaded org.testcontainers.dockerclient.NpipeSocketClientProviderStrategy from ~/.testcontainers.properties, will try it first
2026-01-06 21:43:44 INFO  [] [] org.testcontainers.dockerclient.DockerClientProviderStrategy - Found Docker environment with local Npipe socket (npipe:////./pipe/docker_engine)
2026-01-06 21:43:44 INFO  [] [] org.testcontainers.DockerClientFactory - Docker host IP address is localhost
2026-01-06 21:43:44 INFO  [] [] org.testcontainers.DockerClientFactory - Connected to docker: 
  Server Version: 28.3.3
  API Version: 1.51
  Operating System: Docker Desktop
  Total Memory: 6851 MB
  Labels: 
    com.docker.desktop.address=npipe://\\.\pipe\docker_cli
2026-01-06 21:43:44 INFO  [] [] tc.testcontainers/ryuk:0.12.0 - Creating container for image: testcontainers/ryuk:0.12.0
2026-01-06 21:43:44 INFO  [] [] tc.testcontainers/ryuk:0.12.0 - Container testcontainers/ryuk:0.12.0 is starting: ebb712e82e672ae8f56a6097787a690947d273c695ec2b5fc4a1d12daa5d8cd8
2026-01-06 21:43:45 INFO  [] [] tc.testcontainers/ryuk:0.12.0 - Container testcontainers/ryuk:0.12.0 started in PT0.8213292S
2026-01-06 21:43:45 INFO  [] [] org.testcontainers.utility.RyukResourceReaper - Ryuk started - will monitor and terminate Testcontainers containers on JVM exit
2026-01-06 21:43:45 INFO  [] [] org.testcontainers.DockerClientFactory - Checking the system...
2026-01-06 21:43:45 INFO  [] [] org.testcontainers.DockerClientFactory - ?? Docker server version should be at least 1.6.0
2026-01-06 21:43:45 INFO  [] [] tc.mysql:8.0 - Creating container for image: mysql:8.0
2026-01-06 21:43:45 INFO  [] [] tc.mysql:8.0 - Container mysql:8.0 is starting: b93b42424f0d3f6806579b0a79ddbfc42d0e5646dbef598f84c5439133399113
2026-01-06 21:43:45 INFO  [] [] tc.mysql:8.0 - Waiting for database connection to become available at jdbc:mysql://localhost:49863/test using query 'SELECT 1'
2026-01-06 21:43:58 INFO  [] [] tc.mysql:8.0 - Container mysql:8.0 started in PT13.3606319S
2026-01-06 21:43:58 INFO  [] [] tc.mysql:8.0 - Container is started (JDBC URL: jdbc:mysql://localhost:49863/test)
2026-01-06 21:43:58 INFO  [] [] org.springframework.test.context.support.AnnotationConfigContextLoaderUtils - Could not detect default configuration classes for test class [com.mtogo.delivery.persistence.DeliveryRepositoryMySQLContainerTest]: DeliveryRepositoryMySQLContainerTest does not declare any static, non-private, non-final, nested classes annotated with @Configuration.
2026-01-06 21:43:58 INFO  [] [] org.springframework.boot.test.context.SpringBootTestContextBootstrapper - Found @SpringBootConfiguration com.mtogo.delivery.DeliveryServiceApplication for test class com.mtogo.delivery.persistence.DeliveryRepositoryMySQLContainerTest
2026-01-06 21:43:58 INFO  [] [] com.mtogo.delivery.persistence.DeliveryRepositoryMySQLContainerTest - Starting DeliveryRepositoryMySQLContainerTest using Java 17.0.17 with PID 29096 (started by natas in C:\Eksamen_softwarekvalitet\SD-Exam-Project-Gateway\delivery-service)
2026-01-06 21:43:58 INFO  [] [] com.mtogo.delivery.persistence.DeliveryRepositoryMySQLContainerTest - No active profile set, falling back to 1 default profile: "default"
2026-01-06 21:43:58 INFO  [] [] org.springframework.data.repository.config.RepositoryConfigurationDelegate - Bootstrapping Spring Data JPA repositories in DEFAULT mode.
2026-01-06 21:43:58 INFO  [] [] org.springframework.data.repository.config.RepositoryConfigurationDelegate - Finished Spring Data repository scanning in 22 ms. Found 1 JPA repository interface.
2026-01-06 21:43:59 INFO  [] [] org.hibernate.jpa.internal.util.LogHelper - HHH000204: Processing PersistenceUnitInfo [name: default]
2026-01-06 21:43:59 INFO  [] [] org.hibernate.cache.internal.RegionFactoryInitiator - HHH000026: Second-level cache disabled
2026-01-06 21:43:59 INFO  [] [] org.springframework.orm.jpa.persistenceunit.SpringPersistenceUnitInfo - No LoadTimeWeaver setup: ignoring JPA class transformer
2026-01-06 21:43:59 INFO  [] [] com.zaxxer.hikari.HikariDataSource - HikariPool-1 - Starting...
2026-01-06 21:43:59 INFO  [] [] com.zaxxer.hikari.pool.HikariPool - HikariPool-1 - Added connection com.mysql.cj.jdbc.ConnectionImpl@301be147
2026-01-06 21:43:59 INFO  [] [] com.zaxxer.hikari.HikariDataSource - HikariPool-1 - Start completed.
2026-01-06 21:43:59 INFO  [] [] org.hibernate.orm.connections.pooling - HHH10001005: Database info:
	Database JDBC URL [Connecting through datasource 'HikariDataSource (HikariPool-1)']
	Database driver: undefined/unknown
	Database version: 8.0.44
	Autocommit mode: undefined/unknown
	Isolation level: undefined/unknown
	Minimum pool size: undefined/unknown
	Maximum pool size: undefined/unknown
2026-01-06 21:43:59 INFO  [] [] org.hibernate.engine.transaction.jta.platform.internal.JtaPlatformInitiator - HHH000489: No JTA platform available (set 'hibernate.transaction.jta.platform' to enable JTA platform integration)
2026-01-06 21:43:59 INFO  [] [] org.springframework.orm.jpa.LocalContainerEntityManagerFactoryBean - Initialized JPA EntityManagerFactory for persistence unit 'default'
2026-01-06 21:43:59 INFO  [] [] com.mtogo.delivery.persistence.DeliveryRepositoryMySQLContainerTest - Started DeliveryRepositoryMySQLContainerTest in 0.807 seconds (process running for 28.368)
2026-01-06 21:44:00 INFO  [] [] org.springframework.orm.jpa.LocalContainerEntityManagerFactoryBean - Closing JPA EntityManagerFactory for persistence unit 'default'
2026-01-06 21:44:00 INFO  [] [] org.springframework.orm.jpa.LocalContainerEntityManagerFactoryBean - Closing JPA EntityManagerFactory for persistence unit 'default'
2026-01-06 21:44:00 INFO  [] [] com.zaxxer.hikari.HikariDataSource - HikariPool-1 - Shutdown initiated...
2026-01-06 21:44:00 INFO  [] [] com.zaxxer.hikari.HikariDataSource - HikariPool-1 - Shutdown completed.
